{"/home/thomas/.openclaw/workspace/backend/src/config/database.js": {"path":"/home/thomas/.openclaw/workspace/backend/src/config/database.js","statementMap":{"0":{"start":{"line":4,"column":0},"end":{"line":4,"column":27}},"1":{"start":{"line":6,"column":14},"end":{"line":6,"column":39}},"2":{"start":{"line":8,"column":13},"end":{"line":19,"column":2}},"3":{"start":{"line":22,"column":23},"end":{"line":32,"column":1}},"4":{"start":{"line":23,"column":2},"end":{"line":31,"column":3}},"5":{"start":{"line":24,"column":23},"end":{"line":24,"column":49}},"6":{"start":{"line":25,"column":4},"end":{"line":25,"column":51}},"7":{"start":{"line":26,"column":4},"end":{"line":26,"column":25}},"8":{"start":{"line":27,"column":4},"end":{"line":27,"column":16}},"9":{"start":{"line":29,"column":4},"end":{"line":29,"column":64}},"10":{"start":{"line":30,"column":4},"end":{"line":30,"column":17}},"11":{"start":{"line":35,"column":21},"end":{"line":114,"column":1}},"12":{"start":{"line":36,"column":2},"end":{"line":113,"column":3}},"13":{"start":{"line":37,"column":23},"end":{"line":37,"column":49}},"14":{"start":{"line":40,"column":4},"end":{"line":51,"column":7}},"15":{"start":{"line":54,"column":4},"end":{"line":68,"column":7}},"16":{"start":{"line":71,"column":4},"end":{"line":86,"column":7}},"17":{"start":{"line":89,"column":4},"end":{"line":105,"column":7}},"18":{"start":{"line":107,"column":4},"end":{"line":107,"column":25}},"19":{"start":{"line":108,"column":4},"end":{"line":108,"column":60}},"20":{"start":{"line":109,"column":4},"end":{"line":109,"column":16}},"21":{"start":{"line":111,"column":4},"end":{"line":111,"column":68}},"22":{"start":{"line":112,"column":4},"end":{"line":112,"column":17}},"23":{"start":{"line":116,"column":0},"end":{"line":120,"column":2}}},"fnMap":{"0":{"name":"(anonymous_0)","decl":{"start":{"line":22,"column":23},"end":{"line":22,"column":24}},"loc":{"start":{"line":22,"column":35},"end":{"line":32,"column":1}},"line":22},"1":{"name":"(anonymous_1)","decl":{"start":{"line":35,"column":21},"end":{"line":35,"column":22}},"loc":{"start":{"line":35,"column":33},"end":{"line":114,"column":1}},"line":35}},"branchMap":{"0":{"loc":{"start":{"line":9,"column":8},"end":{"line":9,"column":42}},"type":"binary-expr","locations":[{"start":{"line":9,"column":8},"end":{"line":9,"column":27}},{"start":{"line":9,"column":31},"end":{"line":9,"column":42}}],"line":9},"1":{"loc":{"start":{"line":10,"column":8},"end":{"line":10,"column":35}},"type":"binary-expr","locations":[{"start":{"line":10,"column":8},"end":{"line":10,"column":27}},{"start":{"line":10,"column":31},"end":{"line":10,"column":35}}],"line":10},"2":{"loc":{"start":{"line":11,"column":8},"end":{"line":11,"column":37}},"type":"binary-expr","locations":[{"start":{"line":11,"column":8},"end":{"line":11,"column":27}},{"start":{"line":11,"column":31},"end":{"line":11,"column":37}}],"line":11},"3":{"loc":{"start":{"line":12,"column":12},"end":{"line":12,"column":41}},"type":"binary-expr","locations":[{"start":{"line":12,"column":12},"end":{"line":12,"column":35}},{"start":{"line":12,"column":39},"end":{"line":12,"column":41}}],"line":12},"4":{"loc":{"start":{"line":13,"column":12},"end":{"line":13,"column":56}},"type":"binary-expr","locations":[{"start":{"line":13,"column":12},"end":{"line":13,"column":31}},{"start":{"line":13,"column":35},"end":{"line":13,"column":56}}],"line":13}},"s":{"0":1,"1":1,"2":1,"3":1,"4":0,"5":0,"6":0,"7":0,"8":0,"9":0,"10":0,"11":1,"12":0,"13":0,"14":0,"15":0,"16":0,"17":0,"18":0,"19":0,"20":0,"21":0,"22":0,"23":1},"f":{"0":0,"1":0},"b":{"0":[1,0],"1":[1,1],"2":[1,0],"3":[1,0],"4":[1,0]},"_coverageSchema":"1a1c01bbd47fc00a2c39e90264f33305004495a9","hash":"bf60ba60ec40d8dbef0762a821019525fca1fe88"}
,"/home/thomas/.openclaw/workspace/backend/src/config/initDb.js": {"path":"/home/thomas/.openclaw/workspace/backend/src/config/initDb.js","statementMap":{"0":{"start":{"line":5,"column":13},"end":{"line":5,"column":34}},"1":{"start":{"line":7,"column":21},"end":{"line":65,"column":1}},"2":{"start":{"line":8,"column":21},"end":{"line":8,"column":47}},"3":{"start":{"line":10,"column":2},"end":{"line":64,"column":3}},"4":{"start":{"line":12,"column":4},"end":{"line":20,"column":7}},"5":{"start":{"line":21,"column":4},"end":{"line":21,"column":41}},"6":{"start":{"line":24,"column":4},"end":{"line":36,"column":7}},"7":{"start":{"line":37,"column":4},"end":{"line":37,"column":47}},"8":{"start":{"line":40,"column":4},"end":{"line":55,"column":7}},"9":{"start":{"line":56,"column":4},"end":{"line":56,"column":48}},"10":{"start":{"line":58,"column":4},"end":{"line":58,"column":56}},"11":{"start":{"line":60,"column":4},"end":{"line":60,"column":61}},"12":{"start":{"line":61,"column":4},"end":{"line":61,"column":16}},"13":{"start":{"line":63,"column":4},"end":{"line":63,"column":25}},"14":{"start":{"line":67,"column":0},"end":{"line":67,"column":30}},"15":{"start":{"line":70,"column":0},"end":{"line":74,"column":1}},"16":{"start":{"line":71,"column":2},"end":{"line":73,"column":34}},"17":{"start":{"line":72,"column":16},"end":{"line":72,"column":31}},"18":{"start":{"line":73,"column":17},"end":{"line":73,"column":32}}},"fnMap":{"0":{"name":"(anonymous_0)","decl":{"start":{"line":7,"column":21},"end":{"line":7,"column":22}},"loc":{"start":{"line":7,"column":33},"end":{"line":65,"column":1}},"line":7},"1":{"name":"(anonymous_1)","decl":{"start":{"line":72,"column":10},"end":{"line":72,"column":11}},"loc":{"start":{"line":72,"column":16},"end":{"line":72,"column":31}},"line":72},"2":{"name":"(anonymous_2)","decl":{"start":{"line":73,"column":11},"end":{"line":73,"column":12}},"loc":{"start":{"line":73,"column":17},"end":{"line":73,"column":32}},"line":73}},"branchMap":{"0":{"loc":{"start":{"line":70,"column":0},"end":{"line":74,"column":1}},"type":"if","locations":[{"start":{"line":70,"column":0},"end":{"line":74,"column":1}},{"start":{},"end":{}}],"line":70}},"s":{"0":0,"1":0,"2":0,"3":0,"4":0,"5":0,"6":0,"7":0,"8":0,"9":0,"10":0,"11":0,"12":0,"13":0,"14":0,"15":0,"16":0,"17":0,"18":0},"f":{"0":0,"1":0,"2":0},"b":{"0":[0,0]}}
,"/home/thomas/.openclaw/workspace/backend/src/controllers/AuthController.js": {"path":"/home/thomas/.openclaw/workspace/backend/src/controllers/AuthController.js","statementMap":{"0":{"start":{"line":4,"column":20},"end":{"line":4,"column":54}},"1":{"start":{"line":5,"column":24},"end":{"line":5,"column":57}},"2":{"start":{"line":6,"column":21},"end":{"line":6,"column":51}},"3":{"start":{"line":10,"column":4},"end":{"line":10,"column":41}},"4":{"start":{"line":18,"column":4},"end":{"line":58,"column":5}},"5":{"start":{"line":19,"column":18},"end":{"line":24,"column":7}},"6":{"start":{"line":26,"column":25},"end":{"line":26,"column":39}},"7":{"start":{"line":27,"column":6},"end":{"line":33,"column":7}},"8":{"start":{"line":28,"column":8},"end":{"line":32,"column":11}},"9":{"start":{"line":35,"column":21},"end":{"line":40,"column":8}},"10":{"start":{"line":42,"column":6},"end":{"line":45,"column":9}},"11":{"start":{"line":47,"column":6},"end":{"line":52,"column":7}},"12":{"start":{"line":48,"column":8},"end":{"line":51,"column":11}},"13":{"start":{"line":53,"column":6},"end":{"line":57,"column":9}},"14":{"start":{"line":66,"column":4},"end":{"line":99,"column":5}},"15":{"start":{"line":67,"column":18},"end":{"line":67,"column":69}},"16":{"start":{"line":69,"column":25},"end":{"line":69,"column":39}},"17":{"start":{"line":70,"column":6},"end":{"line":76,"column":7}},"18":{"start":{"line":71,"column":8},"end":{"line":75,"column":11}},"19":{"start":{"line":78,"column":21},"end":{"line":81,"column":8}},"20":{"start":{"line":83,"column":6},"end":{"line":86,"column":9}},"21":{"start":{"line":88,"column":6},"end":{"line":93,"column":7}},"22":{"start":{"line":89,"column":8},"end":{"line":92,"column":11}},"23":{"start":{"line":94,"column":6},"end":{"line":98,"column":9}},"24":{"start":{"line":107,"column":4},"end":{"line":125,"column":5}},"25":{"start":{"line":108,"column":19},"end":{"line":108,"column":65}},"26":{"start":{"line":109,"column":6},"end":{"line":112,"column":9}},"27":{"start":{"line":114,"column":6},"end":{"line":119,"column":7}},"28":{"start":{"line":115,"column":8},"end":{"line":118,"column":11}},"29":{"start":{"line":120,"column":6},"end":{"line":124,"column":9}},"30":{"start":{"line":133,"column":4},"end":{"line":158,"column":5}},"31":{"start":{"line":134,"column":47},"end":{"line":134,"column":55}},"32":{"start":{"line":136,"column":19},"end":{"line":140,"column":8}},"33":{"start":{"line":142,"column":6},"end":{"line":145,"column":9}},"34":{"start":{"line":147,"column":6},"end":{"line":152,"column":7}},"35":{"start":{"line":148,"column":8},"end":{"line":151,"column":11}},"36":{"start":{"line":153,"column":6},"end":{"line":157,"column":9}},"37":{"start":{"line":162,"column":0},"end":{"line":162,"column":32}}},"fnMap":{"0":{"name":"(anonymous_0)","decl":{"start":{"line":9,"column":2},"end":{"line":9,"column":3}},"loc":{"start":{"line":9,"column":16},"end":{"line":11,"column":3}},"line":9},"1":{"name":"(anonymous_1)","decl":{"start":{"line":17,"column":2},"end":{"line":17,"column":3}},"loc":{"start":{"line":17,"column":27},"end":{"line":59,"column":3}},"line":17},"2":{"name":"(anonymous_2)","decl":{"start":{"line":65,"column":2},"end":{"line":65,"column":3}},"loc":{"start":{"line":65,"column":24},"end":{"line":100,"column":3}},"line":65},"3":{"name":"(anonymous_3)","decl":{"start":{"line":106,"column":2},"end":{"line":106,"column":3}},"loc":{"start":{"line":106,"column":21},"end":{"line":126,"column":3}},"line":106},"4":{"name":"(anonymous_4)","decl":{"start":{"line":132,"column":2},"end":{"line":132,"column":3}},"loc":{"start":{"line":132,"column":32},"end":{"line":159,"column":3}},"line":132}},"branchMap":{"0":{"loc":{"start":{"line":27,"column":6},"end":{"line":33,"column":7}},"type":"if","locations":[{"start":{"line":27,"column":6},"end":{"line":33,"column":7}},{"start":{},"end":{}}],"line":27},"1":{"loc":{"start":{"line":47,"column":6},"end":{"line":52,"column":7}},"type":"if","locations":[{"start":{"line":47,"column":6},"end":{"line":52,"column":7}},{"start":{},"end":{}}],"line":47},"2":{"loc":{"start":{"line":70,"column":6},"end":{"line":76,"column":7}},"type":"if","locations":[{"start":{"line":70,"column":6},"end":{"line":76,"column":7}},{"start":{},"end":{}}],"line":70},"3":{"loc":{"start":{"line":88,"column":6},"end":{"line":93,"column":7}},"type":"if","locations":[{"start":{"line":88,"column":6},"end":{"line":93,"column":7}},{"start":{},"end":{}}],"line":88},"4":{"loc":{"start":{"line":114,"column":6},"end":{"line":119,"column":7}},"type":"if","locations":[{"start":{"line":114,"column":6},"end":{"line":119,"column":7}},{"start":{},"end":{}}],"line":114},"5":{"loc":{"start":{"line":147,"column":6},"end":{"line":152,"column":7}},"type":"if","locations":[{"start":{"line":147,"column":6},"end":{"line":152,"column":7}},{"start":{},"end":{}}],"line":147},"6":{"loc":{"start":{"line":147,"column":10},"end":{"line":147,"column":88}},"type":"binary-expr","locations":[{"start":{"line":147,"column":10},"end":{"line":147,"column":50}},{"start":{"line":147,"column":54},"end":{"line":147,"column":88}}],"line":147}},"s":{"0":1,"1":1,"2":1,"3":1,"4":4,"5":4,"6":4,"7":4,"8":2,"9":2,"10":0,"11":2,"12":0,"13":2,"14":3,"15":3,"16":3,"17":3,"18":0,"19":3,"20":0,"21":3,"22":0,"23":3,"24":0,"25":0,"26":0,"27":0,"28":0,"29":0,"30":0,"31":0,"32":0,"33":0,"34":0,"35":0,"36":0,"37":1},"f":{"0":1,"1":4,"2":3,"3":0,"4":0},"b":{"0":[2,2],"1":[0,2],"2":[0,3],"3":[0,3],"4":[0,0],"5":[0,0],"6":[0,0]},"_coverageSchema":"1a1c01bbd47fc00a2c39e90264f33305004495a9","hash":"353dc6e85438ed0429138f6ccc57e49848c2c1fa"}
,"/home/thomas/.openclaw/workspace/backend/src/controllers/CalculationController.js": {"path":"/home/thomas/.openclaw/workspace/backend/src/controllers/CalculationController.js","statementMap":{"0":{"start":{"line":11,"column":4},"end":{"line":11,"column":49}},"1":{"start":{"line":20,"column":4},"end":{"line":26,"column":5}},"2":{"start":{"line":21,"column":21},"end":{"line":21,"column":82}},"3":{"start":{"line":22,"column":6},"end":{"line":22,"column":23}},"4":{"start":{"line":24,"column":25},"end":{"line":24,"column":48}},"5":{"start":{"line":25,"column":6},"end":{"line":25,"column":60}},"6":{"start":{"line":35,"column":4},"end":{"line":42,"column":5}},"7":{"start":{"line":36,"column":20},"end":{"line":36,"column":51}},"8":{"start":{"line":37,"column":22},"end":{"line":37,"column":81}},"9":{"start":{"line":38,"column":6},"end":{"line":38,"column":24}},"10":{"start":{"line":40,"column":25},"end":{"line":40,"column":48}},"11":{"start":{"line":41,"column":6},"end":{"line":41,"column":60}},"12":{"start":{"line":46,"column":0},"end":{"line":46,"column":39}}},"fnMap":{"0":{"name":"(anonymous_0)","decl":{"start":{"line":10,"column":2},"end":{"line":10,"column":3}},"loc":{"start":{"line":10,"column":34},"end":{"line":12,"column":3}},"line":10},"1":{"name":"(anonymous_1)","decl":{"start":{"line":19,"column":2},"end":{"line":19,"column":3}},"loc":{"start":{"line":19,"column":28},"end":{"line":27,"column":3}},"line":19},"2":{"name":"(anonymous_2)","decl":{"start":{"line":34,"column":2},"end":{"line":34,"column":3}},"loc":{"start":{"line":34,"column":29},"end":{"line":43,"column":3}},"line":34}},"branchMap":{"0":{"loc":{"start":{"line":24,"column":25},"end":{"line":24,"column":48}},"type":"binary-expr","locations":[{"start":{"line":24,"column":25},"end":{"line":24,"column":41}},{"start":{"line":24,"column":45},"end":{"line":24,"column":48}}],"line":24},"1":{"loc":{"start":{"line":36,"column":20},"end":{"line":36,"column":51}},"type":"binary-expr","locations":[{"start":{"line":36,"column":20},"end":{"line":36,"column":45}},{"start":{"line":36,"column":49},"end":{"line":36,"column":51}}],"line":36},"2":{"loc":{"start":{"line":40,"column":25},"end":{"line":40,"column":48}},"type":"binary-expr","locations":[{"start":{"line":40,"column":25},"end":{"line":40,"column":41}},{"start":{"line":40,"column":45},"end":{"line":40,"column":48}}],"line":40}},"s":{"0":1,"1":4,"2":4,"3":2,"4":2,"5":2,"6":1,"7":1,"8":1,"9":1,"10":0,"11":0,"12":1},"f":{"0":1,"1":4,"2":1},"b":{"0":[2,0],"1":[1,1],"2":[0,0]},"_coverageSchema":"1a1c01bbd47fc00a2c39e90264f33305004495a9","hash":"a55d6f81e80a7b9484a481f85e689d6ff2af1c0a"}
,"/home/thomas/.openclaw/workspace/backend/src/controllers/CalculatorController.js": {"path":"/home/thomas/.openclaw/workspace/backend/src/controllers/CalculatorController.js","statementMap":{"0":{"start":{"line":4,"column":26},"end":{"line":4,"column":66}},"1":{"start":{"line":5,"column":23},"end":{"line":5,"column":60}},"2":{"start":{"line":6,"column":22},"end":{"line":6,"column":58}},"3":{"start":{"line":7,"column":23},"end":{"line":7,"column":55}},"4":{"start":{"line":11,"column":4},"end":{"line":11,"column":53}},"5":{"start":{"line":12,"column":4},"end":{"line":12,"column":47}},"6":{"start":{"line":13,"column":4},"end":{"line":13,"column":45}},"7":{"start":{"line":21,"column":4},"end":{"line":48,"column":5}},"8":{"start":{"line":22,"column":18},"end":{"line":22,"column":83}},"9":{"start":{"line":24,"column":25},"end":{"line":24,"column":39}},"10":{"start":{"line":25,"column":6},"end":{"line":31,"column":7}},"11":{"start":{"line":26,"column":8},"end":{"line":30,"column":11}},"12":{"start":{"line":33,"column":21},"end":{"line":36,"column":8}},"13":{"start":{"line":38,"column":6},"end":{"line":41,"column":9}},"14":{"start":{"line":43,"column":6},"end":{"line":47,"column":9}},"15":{"start":{"line":56,"column":4},"end":{"line":91,"column":5}},"16":{"start":{"line":57,"column":18},"end":{"line":57,"column":83}},"17":{"start":{"line":59,"column":25},"end":{"line":59,"column":39}},"18":{"start":{"line":60,"column":6},"end":{"line":66,"column":7}},"19":{"start":{"line":61,"column":8},"end":{"line":65,"column":11}},"20":{"start":{"line":69,"column":21},"end":{"line":69,"column":68}},"21":{"start":{"line":72,"column":21},"end":{"line":79,"column":7}},"22":{"start":{"line":81,"column":6},"end":{"line":84,"column":9}},"23":{"start":{"line":86,"column":6},"end":{"line":90,"column":9}},"24":{"start":{"line":99,"column":4},"end":{"line":124,"column":5}},"25":{"start":{"line":100,"column":46},"end":{"line":100,"column":55}},"26":{"start":{"line":102,"column":23},"end":{"line":102,"column":68}},"27":{"start":{"line":103,"column":22},"end":{"line":103,"column":65}},"28":{"start":{"line":105,"column":6},"end":{"line":110,"column":7}},"29":{"start":{"line":106,"column":8},"end":{"line":109,"column":11}},"30":{"start":{"line":112,"column":21},"end":{"line":112,"column":79}},"31":{"start":{"line":114,"column":6},"end":{"line":117,"column":9}},"32":{"start":{"line":119,"column":6},"end":{"line":123,"column":9}},"33":{"start":{"line":128,"column":0},"end":{"line":128,"column":38}}},"fnMap":{"0":{"name":"(anonymous_0)","decl":{"start":{"line":10,"column":2},"end":{"line":10,"column":3}},"loc":{"start":{"line":10,"column":16},"end":{"line":14,"column":3}},"line":10},"1":{"name":"(anonymous_1)","decl":{"start":{"line":20,"column":2},"end":{"line":20,"column":3}},"loc":{"start":{"line":20,"column":28},"end":{"line":49,"column":3}},"line":20},"2":{"name":"(anonymous_2)","decl":{"start":{"line":55,"column":2},"end":{"line":55,"column":3}},"loc":{"start":{"line":55,"column":23},"end":{"line":92,"column":3}},"line":55},"3":{"name":"(anonymous_3)","decl":{"start":{"line":98,"column":2},"end":{"line":98,"column":3}},"loc":{"start":{"line":98,"column":26},"end":{"line":125,"column":3}},"line":98}},"branchMap":{"0":{"loc":{"start":{"line":25,"column":6},"end":{"line":31,"column":7}},"type":"if","locations":[{"start":{"line":25,"column":6},"end":{"line":31,"column":7}},{"start":{},"end":{}}],"line":25},"1":{"loc":{"start":{"line":60,"column":6},"end":{"line":66,"column":7}},"type":"if","locations":[{"start":{"line":60,"column":6},"end":{"line":66,"column":7}},{"start":{},"end":{}}],"line":60},"2":{"loc":{"start":{"line":102,"column":23},"end":{"line":102,"column":68}},"type":"cond-expr","locations":[{"start":{"line":102,"column":39},"end":{"line":102,"column":64}},{"start":{"line":102,"column":67},"end":{"line":102,"column":68}}],"line":102},"3":{"loc":{"start":{"line":103,"column":22},"end":{"line":103,"column":65}},"type":"cond-expr","locations":[{"start":{"line":103,"column":37},"end":{"line":103,"column":61}},{"start":{"line":103,"column":64},"end":{"line":103,"column":65}}],"line":103},"4":{"loc":{"start":{"line":105,"column":6},"end":{"line":110,"column":7}},"type":"if","locations":[{"start":{"line":105,"column":6},"end":{"line":110,"column":7}},{"start":{},"end":{}}],"line":105},"5":{"loc":{"start":{"line":105,"column":10},"end":{"line":105,"column":41}},"type":"binary-expr","locations":[{"start":{"line":105,"column":10},"end":{"line":105,"column":25}},{"start":{"line":105,"column":29},"end":{"line":105,"column":41}}],"line":105}},"s":{"0":0,"1":0,"2":0,"3":0,"4":0,"5":0,"6":0,"7":0,"8":0,"9":0,"10":0,"11":0,"12":0,"13":0,"14":0,"15":0,"16":0,"17":0,"18":0,"19":0,"20":0,"21":0,"22":0,"23":0,"24":0,"25":0,"26":0,"27":0,"28":0,"29":0,"30":0,"31":0,"32":0,"33":0},"f":{"0":0,"1":0,"2":0,"3":0},"b":{"0":[0,0],"1":[0,0],"2":[0,0],"3":[0,0],"4":[0,0],"5":[0,0]}}
,"/home/thomas/.openclaw/workspace/backend/src/controllers/ConfigController.js": {"path":"/home/thomas/.openclaw/workspace/backend/src/controllers/ConfigController.js","statementMap":{"0":{"start":{"line":4,"column":22},"end":{"line":4,"column":58}},"1":{"start":{"line":5,"column":24},"end":{"line":5,"column":57}},"2":{"start":{"line":9,"column":4},"end":{"line":9,"column":45}},"3":{"start":{"line":17,"column":4},"end":{"line":29,"column":5}},"4":{"start":{"line":18,"column":21},"end":{"line":18,"column":68}},"5":{"start":{"line":19,"column":6},"end":{"line":22,"column":9}},"6":{"start":{"line":24,"column":6},"end":{"line":28,"column":9}},"7":{"start":{"line":37,"column":4},"end":{"line":79,"column":5}},"8":{"start":{"line":38,"column":18},"end":{"line":44,"column":7}},"9":{"start":{"line":46,"column":25},"end":{"line":46,"column":39}},"10":{"start":{"line":47,"column":6},"end":{"line":53,"column":7}},"11":{"start":{"line":48,"column":8},"end":{"line":52,"column":11}},"12":{"start":{"line":55,"column":21},"end":{"line":61,"column":8}},"13":{"start":{"line":63,"column":6},"end":{"line":66,"column":9}},"14":{"start":{"line":68,"column":6},"end":{"line":73,"column":7}},"15":{"start":{"line":69,"column":8},"end":{"line":72,"column":11}},"16":{"start":{"line":74,"column":6},"end":{"line":78,"column":9}},"17":{"start":{"line":87,"column":4},"end":{"line":99,"column":5}},"18":{"start":{"line":88,"column":21},"end":{"line":88,"column":70}},"19":{"start":{"line":89,"column":6},"end":{"line":92,"column":9}},"20":{"start":{"line":94,"column":6},"end":{"line":98,"column":9}},"21":{"start":{"line":103,"column":0},"end":{"line":103,"column":34}}},"fnMap":{"0":{"name":"(anonymous_0)","decl":{"start":{"line":8,"column":2},"end":{"line":8,"column":3}},"loc":{"start":{"line":8,"column":16},"end":{"line":10,"column":3}},"line":8},"1":{"name":"(anonymous_1)","decl":{"start":{"line":16,"column":2},"end":{"line":16,"column":3}},"loc":{"start":{"line":16,"column":28},"end":{"line":30,"column":3}},"line":16},"2":{"name":"(anonymous_2)","decl":{"start":{"line":36,"column":2},"end":{"line":36,"column":3}},"loc":{"start":{"line":36,"column":31},"end":{"line":80,"column":3}},"line":36},"3":{"name":"(anonymous_3)","decl":{"start":{"line":86,"column":2},"end":{"line":86,"column":3}},"loc":{"start":{"line":86,"column":30},"end":{"line":100,"column":3}},"line":86}},"branchMap":{"0":{"loc":{"start":{"line":47,"column":6},"end":{"line":53,"column":7}},"type":"if","locations":[{"start":{"line":47,"column":6},"end":{"line":53,"column":7}},{"start":{},"end":{}}],"line":47},"1":{"loc":{"start":{"line":68,"column":6},"end":{"line":73,"column":7}},"type":"if","locations":[{"start":{"line":68,"column":6},"end":{"line":73,"column":7}},{"start":{},"end":{}}],"line":68}},"s":{"0":1,"1":1,"2":1,"3":0,"4":0,"5":0,"6":0,"7":0,"8":0,"9":0,"10":0,"11":0,"12":0,"13":0,"14":0,"15":0,"16":0,"17":0,"18":0,"19":0,"20":0,"21":1},"f":{"0":1,"1":0,"2":0,"3":0},"b":{"0":[0,0],"1":[0,0]},"_coverageSchema":"1a1c01bbd47fc00a2c39e90264f33305004495a9","hash":"61e09922c41da893afc39c422f04bf8d97e1a239"}
,"/home/thomas/.openclaw/workspace/backend/src/controllers/HistoryController.js": {"path":"/home/thomas/.openclaw/workspace/backend/src/controllers/HistoryController.js","statementMap":{"0":{"start":{"line":4,"column":23},"end":{"line":4,"column":60}},"1":{"start":{"line":8,"column":4},"end":{"line":8,"column":47}},"2":{"start":{"line":16,"column":4},"end":{"line":42,"column":5}},"3":{"start":{"line":17,"column":20},"end":{"line":17,"column":51}},"4":{"start":{"line":18,"column":21},"end":{"line":18,"column":52}},"5":{"start":{"line":20,"column":27},"end":{"line":23,"column":8}},"6":{"start":{"line":25,"column":6},"end":{"line":35,"column":9}},"7":{"start":{"line":37,"column":6},"end":{"line":41,"column":9}},"8":{"start":{"line":50,"column":4},"end":{"line":72,"column":5}},"9":{"start":{"line":51,"column":26},"end":{"line":54,"column":7}},"10":{"start":{"line":56,"column":6},"end":{"line":59,"column":9}},"11":{"start":{"line":61,"column":6},"end":{"line":66,"column":7}},"12":{"start":{"line":62,"column":8},"end":{"line":65,"column":11}},"13":{"start":{"line":67,"column":6},"end":{"line":71,"column":9}},"14":{"start":{"line":80,"column":4},"end":{"line":109,"column":5}},"15":{"start":{"line":81,"column":22},"end":{"line":84,"column":7}},"16":{"start":{"line":86,"column":6},"end":{"line":91,"column":7}},"17":{"start":{"line":87,"column":8},"end":{"line":90,"column":11}},"18":{"start":{"line":93,"column":6},"end":{"line":96,"column":9}},"19":{"start":{"line":98,"column":6},"end":{"line":103,"column":7}},"20":{"start":{"line":99,"column":8},"end":{"line":102,"column":11}},"21":{"start":{"line":104,"column":6},"end":{"line":108,"column":9}},"22":{"start":{"line":117,"column":4},"end":{"line":130,"column":5}},"23":{"start":{"line":118,"column":20},"end":{"line":118,"column":71}},"24":{"start":{"line":120,"column":6},"end":{"line":123,"column":9}},"25":{"start":{"line":125,"column":6},"end":{"line":129,"column":9}},"26":{"start":{"line":134,"column":0},"end":{"line":134,"column":35}}},"fnMap":{"0":{"name":"(anonymous_0)","decl":{"start":{"line":7,"column":2},"end":{"line":7,"column":3}},"loc":{"start":{"line":7,"column":16},"end":{"line":9,"column":3}},"line":7},"1":{"name":"(anonymous_1)","decl":{"start":{"line":15,"column":2},"end":{"line":15,"column":3}},"loc":{"start":{"line":15,"column":29},"end":{"line":43,"column":3}},"line":15},"2":{"name":"(anonymous_2)","decl":{"start":{"line":49,"column":2},"end":{"line":49,"column":3}},"loc":{"start":{"line":49,"column":33},"end":{"line":73,"column":3}},"line":49},"3":{"name":"(anonymous_3)","decl":{"start":{"line":79,"column":2},"end":{"line":79,"column":3}},"loc":{"start":{"line":79,"column":36},"end":{"line":110,"column":3}},"line":79},"4":{"name":"(anonymous_4)","decl":{"start":{"line":116,"column":2},"end":{"line":116,"column":3}},"loc":{"start":{"line":116,"column":31},"end":{"line":131,"column":3}},"line":116}},"branchMap":{"0":{"loc":{"start":{"line":17,"column":20},"end":{"line":17,"column":51}},"type":"binary-expr","locations":[{"start":{"line":17,"column":20},"end":{"line":17,"column":45}},{"start":{"line":17,"column":49},"end":{"line":17,"column":51}}],"line":17},"1":{"loc":{"start":{"line":18,"column":21},"end":{"line":18,"column":52}},"type":"binary-expr","locations":[{"start":{"line":18,"column":21},"end":{"line":18,"column":47}},{"start":{"line":18,"column":51},"end":{"line":18,"column":52}}],"line":18},"2":{"loc":{"start":{"line":61,"column":6},"end":{"line":66,"column":7}},"type":"if","locations":[{"start":{"line":61,"column":6},"end":{"line":66,"column":7}},{"start":{},"end":{}}],"line":61},"3":{"loc":{"start":{"line":61,"column":10},"end":{"line":61,"column":114}},"type":"binary-expr","locations":[{"start":{"line":61,"column":10},"end":{"line":61,"column":51}},{"start":{"line":61,"column":55},"end":{"line":61,"column":114}}],"line":61},"4":{"loc":{"start":{"line":86,"column":6},"end":{"line":91,"column":7}},"type":"if","locations":[{"start":{"line":86,"column":6},"end":{"line":91,"column":7}},{"start":{},"end":{}}],"line":86},"5":{"loc":{"start":{"line":98,"column":6},"end":{"line":103,"column":7}},"type":"if","locations":[{"start":{"line":98,"column":6},"end":{"line":103,"column":7}},{"start":{},"end":{}}],"line":98},"6":{"loc":{"start":{"line":98,"column":10},"end":{"line":98,"column":116}},"type":"binary-expr","locations":[{"start":{"line":98,"column":10},"end":{"line":98,"column":51}},{"start":{"line":98,"column":55},"end":{"line":98,"column":116}}],"line":98}},"s":{"0":0,"1":0,"2":0,"3":0,"4":0,"5":0,"6":0,"7":0,"8":0,"9":0,"10":0,"11":0,"12":0,"13":0,"14":0,"15":0,"16":0,"17":0,"18":0,"19":0,"20":0,"21":0,"22":0,"23":0,"24":0,"25":0,"26":0},"f":{"0":0,"1":0,"2":0,"3":0,"4":0},"b":{"0":[0,0],"1":[0,0],"2":[0,0],"3":[0,0],"4":[0,0],"5":[0,0],"6":[0,0]}}
,"/home/thomas/.openclaw/workspace/backend/src/interfaces/ICalculationRepository.js": {"path":"/home/thomas/.openclaw/workspace/backend/src/interfaces/ICalculationRepository.js","statementMap":{"0":{"start":{"line":12,"column":4},"end":{"line":12,"column":46}},"1":{"start":{"line":22,"column":4},"end":{"line":22,"column":46}},"2":{"start":{"line":26,"column":0},"end":{"line":26,"column":40}}},"fnMap":{"0":{"name":"(anonymous_0)","decl":{"start":{"line":11,"column":2},"end":{"line":11,"column":3}},"loc":{"start":{"line":11,"column":26},"end":{"line":13,"column":3}},"line":11},"1":{"name":"(anonymous_1)","decl":{"start":{"line":21,"column":2},"end":{"line":21,"column":3}},"loc":{"start":{"line":21,"column":41},"end":{"line":23,"column":3}},"line":21}},"branchMap":{"0":{"loc":{"start":{"line":21,"column":29},"end":{"line":21,"column":39}},"type":"default-arg","locations":[{"start":{"line":21,"column":37},"end":{"line":21,"column":39}}],"line":21}},"s":{"0":0,"1":0,"2":0},"f":{"0":0,"1":0},"b":{"0":[0]}}
,"/home/thomas/.openclaw/workspace/backend/src/interfaces/IConfigRepository.js": {"path":"/home/thomas/.openclaw/workspace/backend/src/interfaces/IConfigRepository.js","statementMap":{"0":{"start":{"line":12,"column":4},"end":{"line":12,"column":46}},"1":{"start":{"line":21,"column":4},"end":{"line":21,"column":46}},"2":{"start":{"line":31,"column":4},"end":{"line":31,"column":46}},"3":{"start":{"line":35,"column":0},"end":{"line":35,"column":35}}},"fnMap":{"0":{"name":"(anonymous_0)","decl":{"start":{"line":11,"column":2},"end":{"line":11,"column":3}},"loc":{"start":{"line":11,"column":29},"end":{"line":13,"column":3}},"line":11},"1":{"name":"(anonymous_1)","decl":{"start":{"line":20,"column":2},"end":{"line":20,"column":3}},"loc":{"start":{"line":20,"column":30},"end":{"line":22,"column":3}},"line":20},"2":{"name":"(anonymous_2)","decl":{"start":{"line":30,"column":2},"end":{"line":30,"column":3}},"loc":{"start":{"line":30,"column":29},"end":{"line":32,"column":3}},"line":30}},"branchMap":{},"s":{"0":0,"1":0,"2":0,"3":0},"f":{"0":0,"1":0,"2":0},"b":{}}
,"/home/thomas/.openclaw/workspace/backend/src/interfaces/IPasswordHasher.js": {"path":"/home/thomas/.openclaw/workspace/backend/src/interfaces/IPasswordHasher.js","statementMap":{"0":{"start":{"line":12,"column":4},"end":{"line":12,"column":46}},"1":{"start":{"line":22,"column":4},"end":{"line":22,"column":46}},"2":{"start":{"line":26,"column":0},"end":{"line":26,"column":33}}},"fnMap":{"0":{"name":"(anonymous_0)","decl":{"start":{"line":11,"column":2},"end":{"line":11,"column":3}},"loc":{"start":{"line":11,"column":23},"end":{"line":13,"column":3}},"line":11},"1":{"name":"(anonymous_1)","decl":{"start":{"line":21,"column":2},"end":{"line":21,"column":3}},"loc":{"start":{"line":21,"column":31},"end":{"line":23,"column":3}},"line":21}},"branchMap":{},"s":{"0":0,"1":0,"2":0},"f":{"0":0,"1":0},"b":{}}
,"/home/thomas/.openclaw/workspace/backend/src/interfaces/ISalaryCalculator.js": {"path":"/home/thomas/.openclaw/workspace/backend/src/interfaces/ISalaryCalculator.js","statementMap":{"0":{"start":{"line":13,"column":4},"end":{"line":13,"column":46}},"1":{"start":{"line":17,"column":0},"end":{"line":17,"column":35}}},"fnMap":{"0":{"name":"(anonymous_0)","decl":{"start":{"line":12,"column":2},"end":{"line":12,"column":3}},"loc":{"start":{"line":12,"column":27},"end":{"line":14,"column":3}},"line":12}},"branchMap":{},"s":{"0":0,"1":0},"f":{"0":0},"b":{}}
,"/home/thomas/.openclaw/workspace/backend/src/interfaces/ITokenService.js": {"path":"/home/thomas/.openclaw/workspace/backend/src/interfaces/ITokenService.js","statementMap":{"0":{"start":{"line":12,"column":4},"end":{"line":12,"column":46}},"1":{"start":{"line":21,"column":4},"end":{"line":21,"column":46}},"2":{"start":{"line":25,"column":0},"end":{"line":25,"column":31}}},"fnMap":{"0":{"name":"(anonymous_0)","decl":{"start":{"line":11,"column":2},"end":{"line":11,"column":3}},"loc":{"start":{"line":11,"column":20},"end":{"line":13,"column":3}},"line":11},"1":{"name":"(anonymous_1)","decl":{"start":{"line":20,"column":2},"end":{"line":20,"column":3}},"loc":{"start":{"line":20,"column":16},"end":{"line":22,"column":3}},"line":20}},"branchMap":{},"s":{"0":0,"1":0,"2":1},"f":{"0":0,"1":0},"b":{},"_coverageSchema":"1a1c01bbd47fc00a2c39e90264f33305004495a9","hash":"d16d967538e336add57a50c0259d4ff206c0bcfc"}
,"/home/thomas/.openclaw/workspace/backend/src/interfaces/IUserRepository.js": {"path":"/home/thomas/.openclaw/workspace/backend/src/interfaces/IUserRepository.js","statementMap":{"0":{"start":{"line":12,"column":4},"end":{"line":12,"column":46}},"1":{"start":{"line":21,"column":4},"end":{"line":21,"column":46}},"2":{"start":{"line":30,"column":4},"end":{"line":30,"column":46}},"3":{"start":{"line":34,"column":0},"end":{"line":34,"column":33}}},"fnMap":{"0":{"name":"(anonymous_0)","decl":{"start":{"line":11,"column":2},"end":{"line":11,"column":3}},"loc":{"start":{"line":11,"column":27},"end":{"line":13,"column":3}},"line":11},"1":{"name":"(anonymous_1)","decl":{"start":{"line":20,"column":2},"end":{"line":20,"column":3}},"loc":{"start":{"line":20,"column":21},"end":{"line":22,"column":3}},"line":20},"2":{"name":"(anonymous_2)","decl":{"start":{"line":29,"column":2},"end":{"line":29,"column":3}},"loc":{"start":{"line":29,"column":21},"end":{"line":31,"column":3}},"line":29}},"branchMap":{},"s":{"0":0,"1":0,"2":0,"3":0},"f":{"0":0,"1":0,"2":0},"b":{}}
,"/home/thomas/.openclaw/workspace/backend/src/middleware/AuthMiddleware.js": {"path":"/home/thomas/.openclaw/workspace/backend/src/middleware/AuthMiddleware.js","statementMap":{"0":{"start":{"line":5,"column":22},"end":{"line":5,"column":60}},"1":{"start":{"line":12,"column":4},"end":{"line":12,"column":37}},"2":{"start":{"line":22,"column":23},"end":{"line":22,"column":48}},"3":{"start":{"line":24,"column":4},"end":{"line":26,"column":5}},"4":{"start":{"line":25,"column":6},"end":{"line":25,"column":66}},"5":{"start":{"line":28,"column":18},"end":{"line":28,"column":39}},"6":{"start":{"line":29,"column":4},"end":{"line":31,"column":5}},"7":{"start":{"line":30,"column":6},"end":{"line":30,"column":60}},"8":{"start":{"line":33,"column":28},"end":{"line":33,"column":33}},"9":{"start":{"line":35,"column":4},"end":{"line":37,"column":5}},"10":{"start":{"line":36,"column":6},"end":{"line":36,"column":64}},"11":{"start":{"line":39,"column":20},"end":{"line":39,"column":51}},"12":{"start":{"line":41,"column":4},"end":{"line":43,"column":5}},"13":{"start":{"line":42,"column":6},"end":{"line":42,"column":62}},"14":{"start":{"line":45,"column":4},"end":{"line":45,"column":28}},"15":{"start":{"line":46,"column":4},"end":{"line":46,"column":34}},"16":{"start":{"line":47,"column":4},"end":{"line":47,"column":11}},"17":{"start":{"line":51,"column":0},"end":{"line":51,"column":32}}},"fnMap":{"0":{"name":"(anonymous_0)","decl":{"start":{"line":11,"column":2},"end":{"line":11,"column":3}},"loc":{"start":{"line":11,"column":28},"end":{"line":13,"column":3}},"line":11},"1":{"name":"(anonymous_1)","decl":{"start":{"line":21,"column":2},"end":{"line":21,"column":3}},"loc":{"start":{"line":21,"column":31},"end":{"line":48,"column":3}},"line":21}},"branchMap":{"0":{"loc":{"start":{"line":24,"column":4},"end":{"line":26,"column":5}},"type":"if","locations":[{"start":{"line":24,"column":4},"end":{"line":26,"column":5}},{"start":{},"end":{}}],"line":24},"1":{"loc":{"start":{"line":29,"column":4},"end":{"line":31,"column":5}},"type":"if","locations":[{"start":{"line":29,"column":4},"end":{"line":31,"column":5}},{"start":{},"end":{}}],"line":29},"2":{"loc":{"start":{"line":35,"column":4},"end":{"line":37,"column":5}},"type":"if","locations":[{"start":{"line":35,"column":4},"end":{"line":37,"column":5}},{"start":{},"end":{}}],"line":35},"3":{"loc":{"start":{"line":41,"column":4},"end":{"line":43,"column":5}},"type":"if","locations":[{"start":{"line":41,"column":4},"end":{"line":43,"column":5}},{"start":{},"end":{}}],"line":41}},"s":{"0":1,"1":1,"2":10,"3":10,"4":1,"5":9,"6":9,"7":0,"8":9,"9":9,"10":0,"11":9,"12":9,"13":0,"14":9,"15":9,"16":9,"17":1},"f":{"0":1,"1":10},"b":{"0":[1,9],"1":[0,9],"2":[0,9],"3":[0,9]},"_coverageSchema":"1a1c01bbd47fc00a2c39e90264f33305004495a9","hash":"f680216be93d850476cefec107607b1fb0db4e80"}
,"/home/thomas/.openclaw/workspace/backend/src/middleware/auth.js": {"path":"/home/thomas/.openclaw/workspace/backend/src/middleware/auth.js","statementMap":{"0":{"start":{"line":4,"column":21},"end":{"line":4,"column":56}},"1":{"start":{"line":6,"column":21},"end":{"line":6,"column":39}},"2":{"start":{"line":11,"column":21},"end":{"line":45,"column":1}},"3":{"start":{"line":12,"column":21},"end":{"line":12,"column":46}},"4":{"start":{"line":14,"column":2},"end":{"line":19,"column":3}},"5":{"start":{"line":15,"column":4},"end":{"line":18,"column":7}},"6":{"start":{"line":21,"column":16},"end":{"line":21,"column":37}},"7":{"start":{"line":22,"column":2},"end":{"line":27,"column":3}},"8":{"start":{"line":23,"column":4},"end":{"line":26,"column":7}},"9":{"start":{"line":29,"column":16},"end":{"line":29,"column":24}},"10":{"start":{"line":30,"column":18},"end":{"line":30,"column":44}},"11":{"start":{"line":32,"column":2},"end":{"line":37,"column":3}},"12":{"start":{"line":33,"column":4},"end":{"line":36,"column":7}},"13":{"start":{"line":39,"column":2},"end":{"line":42,"column":4}},"14":{"start":{"line":44,"column":2},"end":{"line":44,"column":9}},"15":{"start":{"line":50,"column":21},"end":{"line":70,"column":1}},"16":{"start":{"line":51,"column":21},"end":{"line":51,"column":46}},"17":{"start":{"line":53,"column":2},"end":{"line":55,"column":3}},"18":{"start":{"line":54,"column":4},"end":{"line":54,"column":18}},"19":{"start":{"line":57,"column":16},"end":{"line":57,"column":37}},"20":{"start":{"line":58,"column":2},"end":{"line":67,"column":3}},"21":{"start":{"line":59,"column":18},"end":{"line":59,"column":26}},"22":{"start":{"line":60,"column":20},"end":{"line":60,"column":46}},"23":{"start":{"line":61,"column":4},"end":{"line":66,"column":5}},"24":{"start":{"line":62,"column":6},"end":{"line":65,"column":8}},"25":{"start":{"line":69,"column":2},"end":{"line":69,"column":9}},"26":{"start":{"line":72,"column":0},"end":{"line":75,"column":2}}},"fnMap":{"0":{"name":"(anonymous_0)","decl":{"start":{"line":11,"column":21},"end":{"line":11,"column":22}},"loc":{"start":{"line":11,"column":41},"end":{"line":45,"column":1}},"line":11},"1":{"name":"(anonymous_1)","decl":{"start":{"line":50,"column":21},"end":{"line":50,"column":22}},"loc":{"start":{"line":50,"column":41},"end":{"line":70,"column":1}},"line":50}},"branchMap":{"0":{"loc":{"start":{"line":14,"column":2},"end":{"line":19,"column":3}},"type":"if","locations":[{"start":{"line":14,"column":2},"end":{"line":19,"column":3}},{"start":{},"end":{}}],"line":14},"1":{"loc":{"start":{"line":22,"column":2},"end":{"line":27,"column":3}},"type":"if","locations":[{"start":{"line":22,"column":2},"end":{"line":27,"column":3}},{"start":{},"end":{}}],"line":22},"2":{"loc":{"start":{"line":22,"column":6},"end":{"line":22,"column":49}},"type":"binary-expr","locations":[{"start":{"line":22,"column":6},"end":{"line":22,"column":24}},{"start":{"line":22,"column":28},"end":{"line":22,"column":49}}],"line":22},"3":{"loc":{"start":{"line":32,"column":2},"end":{"line":37,"column":3}},"type":"if","locations":[{"start":{"line":32,"column":2},"end":{"line":37,"column":3}},{"start":{},"end":{}}],"line":32},"4":{"loc":{"start":{"line":53,"column":2},"end":{"line":55,"column":3}},"type":"if","locations":[{"start":{"line":53,"column":2},"end":{"line":55,"column":3}},{"start":{},"end":{}}],"line":53},"5":{"loc":{"start":{"line":58,"column":2},"end":{"line":67,"column":3}},"type":"if","locations":[{"start":{"line":58,"column":2},"end":{"line":67,"column":3}},{"start":{},"end":{}}],"line":58},"6":{"loc":{"start":{"line":58,"column":6},"end":{"line":58,"column":49}},"type":"binary-expr","locations":[{"start":{"line":58,"column":6},"end":{"line":58,"column":24}},{"start":{"line":58,"column":28},"end":{"line":58,"column":49}}],"line":58},"7":{"loc":{"start":{"line":61,"column":4},"end":{"line":66,"column":5}},"type":"if","locations":[{"start":{"line":61,"column":4},"end":{"line":66,"column":5}},{"start":{},"end":{}}],"line":61}},"s":{"0":0,"1":0,"2":0,"3":0,"4":0,"5":0,"6":0,"7":0,"8":0,"9":0,"10":0,"11":0,"12":0,"13":0,"14":0,"15":0,"16":0,"17":0,"18":0,"19":0,"20":0,"21":0,"22":0,"23":0,"24":0,"25":0,"26":0},"f":{"0":0,"1":0},"b":{"0":[0,0],"1":[0,0],"2":[0,0],"3":[0,0],"4":[0,0],"5":[0,0],"6":[0,0],"7":[0,0]}}
,"/home/thomas/.openclaw/workspace/backend/src/models/Calculation.js": {"path":"/home/thomas/.openclaw/workspace/backend/src/models/Calculation.js","statementMap":{"0":{"start":{"line":18,"column":4},"end":{"line":18,"column":17}},"1":{"start":{"line":19,"column":4},"end":{"line":19,"column":27}},"2":{"start":{"line":20,"column":4},"end":{"line":20,"column":33}},"3":{"start":{"line":21,"column":4},"end":{"line":21,"column":49}},"4":{"start":{"line":22,"column":4},"end":{"line":22,"column":35}},"5":{"start":{"line":23,"column":4},"end":{"line":23,"column":37}},"6":{"start":{"line":24,"column":4},"end":{"line":24,"column":39}},"7":{"start":{"line":25,"column":4},"end":{"line":25,"column":35}},"8":{"start":{"line":26,"column":4},"end":{"line":26,"column":47}},"9":{"start":{"line":35,"column":4},"end":{"line":45,"column":6}},"10":{"start":{"line":53,"column":4},"end":{"line":62,"column":6}},"11":{"start":{"line":66,"column":0},"end":{"line":66,"column":29}}},"fnMap":{"0":{"name":"(anonymous_0)","decl":{"start":{"line":7,"column":2},"end":{"line":7,"column":3}},"loc":{"start":{"line":17,"column":4},"end":{"line":27,"column":3}},"line":17},"1":{"name":"(anonymous_1)","decl":{"start":{"line":34,"column":2},"end":{"line":34,"column":3}},"loc":{"start":{"line":34,"column":22},"end":{"line":46,"column":3}},"line":34},"2":{"name":"(anonymous_2)","decl":{"start":{"line":52,"column":2},"end":{"line":52,"column":3}},"loc":{"start":{"line":52,"column":11},"end":{"line":63,"column":3}},"line":52}},"branchMap":{"0":{"loc":{"start":{"line":8,"column":4},"end":{"line":8,"column":13}},"type":"default-arg","locations":[{"start":{"line":8,"column":9},"end":{"line":8,"column":13}}],"line":8},"1":{"loc":{"start":{"line":16,"column":4},"end":{"line":16,"column":21}},"type":"default-arg","locations":[{"start":{"line":16,"column":17},"end":{"line":16,"column":21}}],"line":16},"2":{"loc":{"start":{"line":26,"column":22},"end":{"line":26,"column":46}},"type":"binary-expr","locations":[{"start":{"line":26,"column":22},"end":{"line":26,"column":32}},{"start":{"line":26,"column":36},"end":{"line":26,"column":46}}],"line":26}},"s":{"0":2,"1":2,"2":2,"3":2,"4":2,"5":2,"6":2,"7":2,"8":2,"9":0,"10":0,"11":1},"f":{"0":2,"1":0,"2":0},"b":{"0":[0],"1":[2],"2":[2,2]},"_coverageSchema":"1a1c01bbd47fc00a2c39e90264f33305004495a9","hash":"dca37056f0985d2760367ebe02785ee74976cca4"}
,"/home/thomas/.openclaw/workspace/backend/src/models/SalaryResult.js": {"path":"/home/thomas/.openclaw/workspace/backend/src/models/SalaryResult.js","statementMap":{"0":{"start":{"line":15,"column":4},"end":{"line":15,"column":39}},"1":{"start":{"line":16,"column":4},"end":{"line":16,"column":37}},"2":{"start":{"line":17,"column":4},"end":{"line":17,"column":35}},"3":{"start":{"line":18,"column":4},"end":{"line":18,"column":35}},"4":{"start":{"line":19,"column":4},"end":{"line":19,"column":39}},"5":{"start":{"line":20,"column":4},"end":{"line":20,"column":35}},"6":{"start":{"line":28,"column":4},"end":{"line":35,"column":6}},"7":{"start":{"line":39,"column":0},"end":{"line":39,"column":30}}},"fnMap":{"0":{"name":"(anonymous_0)","decl":{"start":{"line":7,"column":2},"end":{"line":7,"column":3}},"loc":{"start":{"line":14,"column":4},"end":{"line":21,"column":3}},"line":14},"1":{"name":"(anonymous_1)","decl":{"start":{"line":27,"column":2},"end":{"line":27,"column":3}},"loc":{"start":{"line":27,"column":11},"end":{"line":36,"column":3}},"line":27}},"branchMap":{},"s":{"0":9,"1":9,"2":9,"3":9,"4":9,"5":9,"6":0,"7":1},"f":{"0":9,"1":0},"b":{},"_coverageSchema":"1a1c01bbd47fc00a2c39e90264f33305004495a9","hash":"a94c36d7acb2fbfb4333760c0e5471635efa0d71"}
,"/home/thomas/.openclaw/workspace/backend/src/models/User.js": {"path":"/home/thomas/.openclaw/workspace/backend/src/models/User.js","statementMap":{"0":{"start":{"line":8,"column":4},"end":{"line":8,"column":17}},"1":{"start":{"line":9,"column":4},"end":{"line":9,"column":23}},"2":{"start":{"line":10,"column":4},"end":{"line":10,"column":39}},"3":{"start":{"line":11,"column":4},"end":{"line":11,"column":47}},"4":{"start":{"line":12,"column":4},"end":{"line":12,"column":47}},"5":{"start":{"line":21,"column":4},"end":{"line":27,"column":6}},"6":{"start":{"line":35,"column":4},"end":{"line":40,"column":6}},"7":{"start":{"line":44,"column":0},"end":{"line":44,"column":22}}},"fnMap":{"0":{"name":"(anonymous_0)","decl":{"start":{"line":7,"column":2},"end":{"line":7,"column":3}},"loc":{"start":{"line":7,"column":64},"end":{"line":13,"column":3}},"line":7},"1":{"name":"(anonymous_1)","decl":{"start":{"line":20,"column":2},"end":{"line":20,"column":3}},"loc":{"start":{"line":20,"column":22},"end":{"line":28,"column":3}},"line":20},"2":{"name":"(anonymous_2)","decl":{"start":{"line":34,"column":2},"end":{"line":34,"column":3}},"loc":{"start":{"line":34,"column":11},"end":{"line":41,"column":3}},"line":34}},"branchMap":{"0":{"loc":{"start":{"line":11,"column":22},"end":{"line":11,"column":46}},"type":"binary-expr","locations":[{"start":{"line":11,"column":22},"end":{"line":11,"column":32}},{"start":{"line":11,"column":36},"end":{"line":11,"column":46}}],"line":11},"1":{"loc":{"start":{"line":12,"column":22},"end":{"line":12,"column":46}},"type":"binary-expr","locations":[{"start":{"line":12,"column":22},"end":{"line":12,"column":32}},{"start":{"line":12,"column":36},"end":{"line":12,"column":46}}],"line":12}},"s":{"0":4,"1":4,"2":4,"3":4,"4":4,"5":2,"6":1,"7":1},"f":{"0":4,"1":2,"2":1},"b":{"0":[4,1],"1":[4,1]},"_coverageSchema":"1a1c01bbd47fc00a2c39e90264f33305004495a9","hash":"59e8987667ddc0a52bb6538cfa37c0bcc4a46b3a"}
,"/home/thomas/.openclaw/workspace/backend/src/models/UserConfig.js": {"path":"/home/thomas/.openclaw/workspace/backend/src/models/UserConfig.js","statementMap":{"0":{"start":{"line":17,"column":4},"end":{"line":17,"column":27}},"1":{"start":{"line":18,"column":4},"end":{"line":18,"column":41}},"2":{"start":{"line":19,"column":4},"end":{"line":19,"column":39}},"3":{"start":{"line":20,"column":4},"end":{"line":20,"column":43}},"4":{"start":{"line":21,"column":4},"end":{"line":21,"column":47}},"5":{"start":{"line":22,"column":4},"end":{"line":22,"column":49}},"6":{"start":{"line":23,"column":4},"end":{"line":23,"column":47}},"7":{"start":{"line":24,"column":4},"end":{"line":24,"column":47}},"8":{"start":{"line":33,"column":4},"end":{"line":42,"column":6}},"9":{"start":{"line":50,"column":4},"end":{"line":56,"column":6}},"10":{"start":{"line":60,"column":0},"end":{"line":60,"column":28}}},"fnMap":{"0":{"name":"(anonymous_0)","decl":{"start":{"line":7,"column":2},"end":{"line":7,"column":3}},"loc":{"start":{"line":16,"column":4},"end":{"line":25,"column":3}},"line":16},"1":{"name":"(anonymous_1)","decl":{"start":{"line":32,"column":2},"end":{"line":32,"column":3}},"loc":{"start":{"line":32,"column":22},"end":{"line":43,"column":3}},"line":32},"2":{"name":"(anonymous_2)","decl":{"start":{"line":49,"column":2},"end":{"line":49,"column":3}},"loc":{"start":{"line":49,"column":11},"end":{"line":57,"column":3}},"line":49}},"branchMap":{"0":{"loc":{"start":{"line":9,"column":4},"end":{"line":9,"column":25}},"type":"default-arg","locations":[{"start":{"line":9,"column":21},"end":{"line":9,"column":25}}],"line":9},"1":{"loc":{"start":{"line":10,"column":4},"end":{"line":10,"column":23}},"type":"default-arg","locations":[{"start":{"line":10,"column":20},"end":{"line":10,"column":23}}],"line":10},"2":{"loc":{"start":{"line":11,"column":4},"end":{"line":11,"column":26}},"type":"default-arg","locations":[{"start":{"line":11,"column":22},"end":{"line":11,"column":26}}],"line":11},"3":{"loc":{"start":{"line":12,"column":4},"end":{"line":12,"column":27}},"type":"default-arg","locations":[{"start":{"line":12,"column":24},"end":{"line":12,"column":27}}],"line":12},"4":{"loc":{"start":{"line":13,"column":4},"end":{"line":13,"column":28}},"type":"default-arg","locations":[{"start":{"line":13,"column":25},"end":{"line":13,"column":28}}],"line":13},"5":{"loc":{"start":{"line":14,"column":4},"end":{"line":14,"column":21}},"type":"default-arg","locations":[{"start":{"line":14,"column":17},"end":{"line":14,"column":21}}],"line":14},"6":{"loc":{"start":{"line":15,"column":4},"end":{"line":15,"column":21}},"type":"default-arg","locations":[{"start":{"line":15,"column":17},"end":{"line":15,"column":21}}],"line":15},"7":{"loc":{"start":{"line":23,"column":22},"end":{"line":23,"column":46}},"type":"binary-expr","locations":[{"start":{"line":23,"column":22},"end":{"line":23,"column":32}},{"start":{"line":23,"column":36},"end":{"line":23,"column":46}}],"line":23},"8":{"loc":{"start":{"line":24,"column":22},"end":{"line":24,"column":46}},"type":"binary-expr","locations":[{"start":{"line":24,"column":22},"end":{"line":24,"column":32}},{"start":{"line":24,"column":36},"end":{"line":24,"column":46}}],"line":24}},"s":{"0":15,"1":15,"2":15,"3":15,"4":15,"5":15,"6":15,"7":15,"8":2,"9":1,"10":3},"f":{"0":15,"1":2,"2":1},"b":{"0":[1],"1":[1],"2":[1],"3":[1],"4":[1],"5":[13],"6":[13],"7":[15,13],"8":[15,13]},"_coverageSchema":"1a1c01bbd47fc00a2c39e90264f33305004495a9","hash":"0bfc9d66b4dd24b5e23c143b39c0aab40e24cfaa"}
,"/home/thomas/.openclaw/workspace/backend/src/repositories/CalculationRepository.js": {"path":"/home/thomas/.openclaw/workspace/backend/src/repositories/CalculationRepository.js","statementMap":{"0":{"start":{"line":6,"column":13},"end":{"line":6,"column":42}},"1":{"start":{"line":7,"column":20},"end":{"line":7,"column":52}},"2":{"start":{"line":11,"column":4},"end":{"line":11,"column":25}},"3":{"start":{"line":20,"column":21},"end":{"line":33,"column":5}},"4":{"start":{"line":35,"column":4},"end":{"line":45,"column":6}},"5":{"start":{"line":55,"column":19},"end":{"line":58,"column":5}},"6":{"start":{"line":60,"column":4},"end":{"line":60,"column":53}},"7":{"start":{"line":60,"column":27},"end":{"line":60,"column":51}},"8":{"start":{"line":64,"column":0},"end":{"line":64,"column":39}}},"fnMap":{"0":{"name":"(anonymous_0)","decl":{"start":{"line":10,"column":2},"end":{"line":10,"column":3}},"loc":{"start":{"line":10,"column":29},"end":{"line":12,"column":3}},"line":10},"1":{"name":"(anonymous_1)","decl":{"start":{"line":19,"column":2},"end":{"line":19,"column":3}},"loc":{"start":{"line":19,"column":26},"end":{"line":46,"column":3}},"line":19},"2":{"name":"(anonymous_2)","decl":{"start":{"line":54,"column":2},"end":{"line":54,"column":3}},"loc":{"start":{"line":54,"column":41},"end":{"line":61,"column":3}},"line":54},"3":{"name":"(anonymous_3)","decl":{"start":{"line":60,"column":20},"end":{"line":60,"column":21}},"loc":{"start":{"line":60,"column":27},"end":{"line":60,"column":51}},"line":60}},"branchMap":{"0":{"loc":{"start":{"line":10,"column":14},"end":{"line":10,"column":27}},"type":"default-arg","locations":[{"start":{"line":10,"column":23},"end":{"line":10,"column":27}}],"line":10},"1":{"loc":{"start":{"line":54,"column":29},"end":{"line":54,"column":39}},"type":"default-arg","locations":[{"start":{"line":54,"column":37},"end":{"line":54,"column":39}}],"line":54}},"s":{"0":0,"1":0,"2":0,"3":0,"4":0,"5":0,"6":0,"7":0,"8":0},"f":{"0":0,"1":0,"2":0,"3":0},"b":{"0":[0],"1":[0]}}
,"/home/thomas/.openclaw/workspace/backend/src/repositories/ConfigRepository.js": {"path":"/home/thomas/.openclaw/workspace/backend/src/repositories/ConfigRepository.js","statementMap":{"0":{"start":{"line":6,"column":23},"end":{"line":6,"column":38}},"1":{"start":{"line":7,"column":11},"end":{"line":7,"column":40}},"2":{"start":{"line":11,"column":4},"end":{"line":11,"column":36}},"3":{"start":{"line":20,"column":19},"end":{"line":23,"column":5}},"4":{"start":{"line":24,"column":4},"end":{"line":24,"column":44}},"5":{"start":{"line":33,"column":15},"end":{"line":33,"column":23}},"6":{"start":{"line":34,"column":111},"end":{"line":34,"column":121}},"7":{"start":{"line":36,"column":4},"end":{"line":40,"column":6}},"8":{"start":{"line":42,"column":4},"end":{"line":42,"column":38}},"9":{"start":{"line":52,"column":102},"end":{"line":52,"column":112}},"10":{"start":{"line":54,"column":20},"end":{"line":54,"column":22}},"11":{"start":{"line":55,"column":19},"end":{"line":55,"column":21}},"12":{"start":{"line":57,"column":4},"end":{"line":60,"column":5}},"13":{"start":{"line":58,"column":6},"end":{"line":58,"column":41}},"14":{"start":{"line":59,"column":6},"end":{"line":59,"column":34}},"15":{"start":{"line":61,"column":4},"end":{"line":64,"column":5}},"16":{"start":{"line":62,"column":6},"end":{"line":62,"column":40}},"17":{"start":{"line":63,"column":6},"end":{"line":63,"column":33}},"18":{"start":{"line":65,"column":4},"end":{"line":68,"column":5}},"19":{"start":{"line":66,"column":6},"end":{"line":66,"column":42}},"20":{"start":{"line":67,"column":6},"end":{"line":67,"column":35}},"21":{"start":{"line":69,"column":4},"end":{"line":72,"column":5}},"22":{"start":{"line":70,"column":6},"end":{"line":70,"column":44}},"23":{"start":{"line":71,"column":6},"end":{"line":71,"column":37}},"24":{"start":{"line":73,"column":4},"end":{"line":76,"column":5}},"25":{"start":{"line":74,"column":6},"end":{"line":74,"column":45}},"26":{"start":{"line":75,"column":6},"end":{"line":75,"column":38}},"27":{"start":{"line":78,"column":4},"end":{"line":80,"column":5}},"28":{"start":{"line":79,"column":6},"end":{"line":79,"column":39}},"29":{"start":{"line":82,"column":4},"end":{"line":82,"column":24}},"30":{"start":{"line":84,"column":4},"end":{"line":87,"column":6}},"31":{"start":{"line":89,"column":4},"end":{"line":89,"column":37}},"32":{"start":{"line":98,"column":21},"end":{"line":101,"column":5}},"33":{"start":{"line":102,"column":4},"end":{"line":102,"column":35}},"34":{"start":{"line":106,"column":0},"end":{"line":106,"column":34}}},"fnMap":{"0":{"name":"(anonymous_0)","decl":{"start":{"line":10,"column":2},"end":{"line":10,"column":3}},"loc":{"start":{"line":10,"column":16},"end":{"line":12,"column":3}},"line":10},"1":{"name":"(anonymous_1)","decl":{"start":{"line":19,"column":2},"end":{"line":19,"column":3}},"loc":{"start":{"line":19,"column":29},"end":{"line":25,"column":3}},"line":19},"2":{"name":"(anonymous_2)","decl":{"start":{"line":32,"column":2},"end":{"line":32,"column":3}},"loc":{"start":{"line":32,"column":27},"end":{"line":43,"column":3}},"line":32},"3":{"name":"(anonymous_3)","decl":{"start":{"line":51,"column":2},"end":{"line":51,"column":3}},"loc":{"start":{"line":51,"column":35},"end":{"line":90,"column":3}},"line":51},"4":{"name":"(anonymous_4)","decl":{"start":{"line":97,"column":2},"end":{"line":97,"column":3}},"loc":{"start":{"line":97,"column":23},"end":{"line":103,"column":3}},"line":97}},"branchMap":{"0":{"loc":{"start":{"line":24,"column":11},"end":{"line":24,"column":43}},"type":"cond-expr","locations":[{"start":{"line":24,"column":29},"end":{"line":24,"column":36}},{"start":{"line":24,"column":39},"end":{"line":24,"column":43}}],"line":24},"1":{"loc":{"start":{"line":39,"column":20},"end":{"line":39,"column":42}},"type":"binary-expr","locations":[{"start":{"line":39,"column":20},"end":{"line":39,"column":34}},{"start":{"line":39,"column":38},"end":{"line":39,"column":42}}],"line":39},"2":{"loc":{"start":{"line":39,"column":44},"end":{"line":39,"column":64}},"type":"binary-expr","locations":[{"start":{"line":39,"column":44},"end":{"line":39,"column":57}},{"start":{"line":39,"column":61},"end":{"line":39,"column":64}}],"line":39},"3":{"loc":{"start":{"line":39,"column":66},"end":{"line":39,"column":89}},"type":"binary-expr","locations":[{"start":{"line":39,"column":66},"end":{"line":39,"column":81}},{"start":{"line":39,"column":85},"end":{"line":39,"column":89}}],"line":39},"4":{"loc":{"start":{"line":39,"column":91},"end":{"line":39,"column":115}},"type":"binary-expr","locations":[{"start":{"line":39,"column":91},"end":{"line":39,"column":108}},{"start":{"line":39,"column":112},"end":{"line":39,"column":115}}],"line":39},"5":{"loc":{"start":{"line":39,"column":117},"end":{"line":39,"column":142}},"type":"binary-expr","locations":[{"start":{"line":39,"column":117},"end":{"line":39,"column":135}},{"start":{"line":39,"column":139},"end":{"line":39,"column":142}}],"line":39},"6":{"loc":{"start":{"line":57,"column":4},"end":{"line":60,"column":5}},"type":"if","locations":[{"start":{"line":57,"column":4},"end":{"line":60,"column":5}},{"start":{},"end":{}}],"line":57},"7":{"loc":{"start":{"line":61,"column":4},"end":{"line":64,"column":5}},"type":"if","locations":[{"start":{"line":61,"column":4},"end":{"line":64,"column":5}},{"start":{},"end":{}}],"line":61},"8":{"loc":{"start":{"line":65,"column":4},"end":{"line":68,"column":5}},"type":"if","locations":[{"start":{"line":65,"column":4},"end":{"line":68,"column":5}},{"start":{},"end":{}}],"line":65},"9":{"loc":{"start":{"line":69,"column":4},"end":{"line":72,"column":5}},"type":"if","locations":[{"start":{"line":69,"column":4},"end":{"line":72,"column":5}},{"start":{},"end":{}}],"line":69},"10":{"loc":{"start":{"line":73,"column":4},"end":{"line":76,"column":5}},"type":"if","locations":[{"start":{"line":73,"column":4},"end":{"line":76,"column":5}},{"start":{},"end":{}}],"line":73},"11":{"loc":{"start":{"line":78,"column":4},"end":{"line":80,"column":5}},"type":"if","locations":[{"start":{"line":78,"column":4},"end":{"line":80,"column":5}},{"start":{},"end":{}}],"line":78}},"s":{"0":1,"1":1,"2":4,"3":0,"4":0,"5":0,"6":0,"7":0,"8":0,"9":0,"10":0,"11":0,"12":0,"13":0,"14":0,"15":0,"16":0,"17":0,"18":0,"19":0,"20":0,"21":0,"22":0,"23":0,"24":0,"25":0,"26":0,"27":0,"28":0,"29":0,"30":0,"31":0,"32":0,"33":0,"34":1},"f":{"0":4,"1":0,"2":0,"3":0,"4":0},"b":{"0":[0,0],"1":[0,0],"2":[0,0],"3":[0,0],"4":[0,0],"5":[0,0],"6":[0,0],"7":[0,0],"8":[0,0],"9":[0,0],"10":[0,0],"11":[0,0]},"_coverageSchema":"1a1c01bbd47fc00a2c39e90264f33305004495a9","hash":"87d954ae91969969ee239590a3187760f653d071"}
,"/home/thomas/.openclaw/workspace/backend/src/repositories/UserRepository.js": {"path":"/home/thomas/.openclaw/workspace/backend/src/repositories/UserRepository.js","statementMap":{"0":{"start":{"line":6,"column":23},"end":{"line":6,"column":38}},"1":{"start":{"line":7,"column":11},"end":{"line":7,"column":40}},"2":{"start":{"line":11,"column":4},"end":{"line":11,"column":29}},"3":{"start":{"line":20,"column":19},"end":{"line":23,"column":5}},"4":{"start":{"line":24,"column":4},"end":{"line":24,"column":44}},"5":{"start":{"line":33,"column":19},"end":{"line":36,"column":5}},"6":{"start":{"line":37,"column":4},"end":{"line":37,"column":44}},"7":{"start":{"line":46,"column":15},"end":{"line":46,"column":23}},"8":{"start":{"line":47,"column":60},"end":{"line":47,"column":68}},"9":{"start":{"line":49,"column":4},"end":{"line":53,"column":6}},"10":{"start":{"line":55,"column":4},"end":{"line":55,"column":29}},"11":{"start":{"line":65,"column":45},"end":{"line":65,"column":55}},"12":{"start":{"line":67,"column":20},"end":{"line":67,"column":22}},"13":{"start":{"line":68,"column":19},"end":{"line":68,"column":21}},"14":{"start":{"line":70,"column":4},"end":{"line":73,"column":5}},"15":{"start":{"line":71,"column":6},"end":{"line":71,"column":37}},"16":{"start":{"line":72,"column":6},"end":{"line":72,"column":30}},"17":{"start":{"line":74,"column":4},"end":{"line":77,"column":5}},"18":{"start":{"line":75,"column":6},"end":{"line":75,"column":36}},"19":{"start":{"line":76,"column":6},"end":{"line":76,"column":29}},"20":{"start":{"line":78,"column":4},"end":{"line":81,"column":5}},"21":{"start":{"line":79,"column":6},"end":{"line":79,"column":32}},"22":{"start":{"line":80,"column":6},"end":{"line":80,"column":25}},"23":{"start":{"line":83,"column":4},"end":{"line":85,"column":5}},"24":{"start":{"line":84,"column":6},"end":{"line":84,"column":31}},"25":{"start":{"line":87,"column":4},"end":{"line":87,"column":20}},"26":{"start":{"line":89,"column":4},"end":{"line":92,"column":6}},"27":{"start":{"line":94,"column":4},"end":{"line":94,"column":29}},"28":{"start":{"line":103,"column":21},"end":{"line":106,"column":5}},"29":{"start":{"line":107,"column":4},"end":{"line":107,"column":35}},"30":{"start":{"line":111,"column":0},"end":{"line":111,"column":32}}},"fnMap":{"0":{"name":"(anonymous_0)","decl":{"start":{"line":10,"column":2},"end":{"line":10,"column":3}},"loc":{"start":{"line":10,"column":16},"end":{"line":12,"column":3}},"line":10},"1":{"name":"(anonymous_1)","decl":{"start":{"line":19,"column":2},"end":{"line":19,"column":3}},"loc":{"start":{"line":19,"column":21},"end":{"line":25,"column":3}},"line":19},"2":{"name":"(anonymous_2)","decl":{"start":{"line":32,"column":2},"end":{"line":32,"column":3}},"loc":{"start":{"line":32,"column":27},"end":{"line":38,"column":3}},"line":32},"3":{"name":"(anonymous_3)","decl":{"start":{"line":45,"column":2},"end":{"line":45,"column":3}},"loc":{"start":{"line":45,"column":25},"end":{"line":56,"column":3}},"line":45},"4":{"name":"(anonymous_4)","decl":{"start":{"line":64,"column":2},"end":{"line":64,"column":3}},"loc":{"start":{"line":64,"column":31},"end":{"line":95,"column":3}},"line":64},"5":{"name":"(anonymous_5)","decl":{"start":{"line":102,"column":2},"end":{"line":102,"column":3}},"loc":{"start":{"line":102,"column":19},"end":{"line":108,"column":3}},"line":102}},"branchMap":{"0":{"loc":{"start":{"line":24,"column":11},"end":{"line":24,"column":43}},"type":"cond-expr","locations":[{"start":{"line":24,"column":29},"end":{"line":24,"column":36}},{"start":{"line":24,"column":39},"end":{"line":24,"column":43}}],"line":24},"1":{"loc":{"start":{"line":37,"column":11},"end":{"line":37,"column":43}},"type":"cond-expr","locations":[{"start":{"line":37,"column":29},"end":{"line":37,"column":36}},{"start":{"line":37,"column":39},"end":{"line":37,"column":43}}],"line":37},"2":{"loc":{"start":{"line":52,"column":33},"end":{"line":52,"column":51}},"type":"binary-expr","locations":[{"start":{"line":52,"column":33},"end":{"line":52,"column":43}},{"start":{"line":52,"column":47},"end":{"line":52,"column":51}}],"line":52},"3":{"loc":{"start":{"line":52,"column":53},"end":{"line":52,"column":70}},"type":"binary-expr","locations":[{"start":{"line":52,"column":53},"end":{"line":52,"column":62}},{"start":{"line":52,"column":66},"end":{"line":52,"column":70}}],"line":52},"4":{"loc":{"start":{"line":70,"column":4},"end":{"line":73,"column":5}},"type":"if","locations":[{"start":{"line":70,"column":4},"end":{"line":73,"column":5}},{"start":{},"end":{}}],"line":70},"5":{"loc":{"start":{"line":74,"column":4},"end":{"line":77,"column":5}},"type":"if","locations":[{"start":{"line":74,"column":4},"end":{"line":77,"column":5}},{"start":{},"end":{}}],"line":74},"6":{"loc":{"start":{"line":78,"column":4},"end":{"line":81,"column":5}},"type":"if","locations":[{"start":{"line":78,"column":4},"end":{"line":81,"column":5}},{"start":{},"end":{}}],"line":78},"7":{"loc":{"start":{"line":83,"column":4},"end":{"line":85,"column":5}},"type":"if","locations":[{"start":{"line":83,"column":4},"end":{"line":85,"column":5}},{"start":{},"end":{}}],"line":83}},"s":{"0":1,"1":1,"2":2,"3":0,"4":0,"5":5,"6":0,"7":0,"8":0,"9":0,"10":0,"11":0,"12":0,"13":0,"14":0,"15":0,"16":0,"17":0,"18":0,"19":0,"20":0,"21":0,"22":0,"23":0,"24":0,"25":0,"26":0,"27":0,"28":0,"29":0,"30":1},"f":{"0":2,"1":0,"2":5,"3":0,"4":0,"5":0},"b":{"0":[0,0],"1":[0,0],"2":[0,0],"3":[0,0],"4":[0,0],"5":[0,0],"6":[0,0],"7":[0,0]},"_coverageSchema":"1a1c01bbd47fc00a2c39e90264f33305004495a9","hash":"bedf8c3d3d7ecd6bf5ae8ea99957f4040bff87bb"}
,"/home/thomas/.openclaw/workspace/backend/src/services/AuthService.js": {"path":"/home/thomas/.openclaw/workspace/backend/src/services/AuthService.js","statementMap":{"0":{"start":{"line":4,"column":23},"end":{"line":4,"column":64}},"1":{"start":{"line":5,"column":25},"end":{"line":5,"column":68}},"2":{"start":{"line":6,"column":23},"end":{"line":6,"column":50}},"3":{"start":{"line":7,"column":21},"end":{"line":7,"column":46}},"4":{"start":{"line":11,"column":4},"end":{"line":11,"column":47}},"5":{"start":{"line":12,"column":4},"end":{"line":12,"column":51}},"6":{"start":{"line":13,"column":4},"end":{"line":13,"column":47}},"7":{"start":{"line":14,"column":4},"end":{"line":14,"column":43}},"8":{"start":{"line":23,"column":55},"end":{"line":23,"column":63}},"9":{"start":{"line":26,"column":25},"end":{"line":26,"column":69}},"10":{"start":{"line":27,"column":4},"end":{"line":29,"column":5}},"11":{"start":{"line":28,"column":6},"end":{"line":28,"column":50}},"12":{"start":{"line":32,"column":26},"end":{"line":32,"column":66}},"13":{"start":{"line":35,"column":17},"end":{"line":40,"column":6}},"14":{"start":{"line":43,"column":4},"end":{"line":50,"column":7}},"15":{"start":{"line":53,"column":18},"end":{"line":56,"column":6}},"16":{"start":{"line":58,"column":4},"end":{"line":66,"column":6}},"17":{"start":{"line":75,"column":32},"end":{"line":75,"column":43}},"18":{"start":{"line":78,"column":17},"end":{"line":78,"column":61}},"19":{"start":{"line":79,"column":4},"end":{"line":81,"column":5}},"20":{"start":{"line":80,"column":6},"end":{"line":80,"column":51}},"21":{"start":{"line":84,"column":20},"end":{"line":84,"column":82}},"22":{"start":{"line":85,"column":4},"end":{"line":87,"column":5}},"23":{"start":{"line":86,"column":6},"end":{"line":86,"column":51}},"24":{"start":{"line":90,"column":18},"end":{"line":93,"column":6}},"25":{"start":{"line":95,"column":4},"end":{"line":103,"column":6}},"26":{"start":{"line":112,"column":20},"end":{"line":112,"column":51}},"27":{"start":{"line":113,"column":4},"end":{"line":115,"column":5}},"28":{"start":{"line":114,"column":6},"end":{"line":114,"column":50}},"29":{"start":{"line":117,"column":17},"end":{"line":117,"column":67}},"30":{"start":{"line":118,"column":4},"end":{"line":120,"column":5}},"31":{"start":{"line":119,"column":6},"end":{"line":119,"column":40}},"32":{"start":{"line":122,"column":4},"end":{"line":127,"column":6}},"33":{"start":{"line":136,"column":17},"end":{"line":136,"column":59}},"34":{"start":{"line":137,"column":4},"end":{"line":139,"column":5}},"35":{"start":{"line":138,"column":6},"end":{"line":138,"column":40}},"36":{"start":{"line":141,"column":4},"end":{"line":147,"column":6}},"37":{"start":{"line":157,"column":45},"end":{"line":157,"column":55}},"38":{"start":{"line":160,"column":4},"end":{"line":165,"column":5}},"39":{"start":{"line":161,"column":27},"end":{"line":161,"column":71}},"40":{"start":{"line":162,"column":6},"end":{"line":164,"column":7}},"41":{"start":{"line":163,"column":8},"end":{"line":163,"column":48}},"42":{"start":{"line":167,"column":17},"end":{"line":171,"column":6}},"43":{"start":{"line":173,"column":4},"end":{"line":178,"column":6}},"44":{"start":{"line":182,"column":0},"end":{"line":182,"column":29}}},"fnMap":{"0":{"name":"(anonymous_0)","decl":{"start":{"line":10,"column":2},"end":{"line":10,"column":3}},"loc":{"start":{"line":10,"column":16},"end":{"line":15,"column":3}},"line":10},"1":{"name":"(anonymous_1)","decl":{"start":{"line":22,"column":2},"end":{"line":22,"column":3}},"loc":{"start":{"line":22,"column":27},"end":{"line":67,"column":3}},"line":22},"2":{"name":"(anonymous_2)","decl":{"start":{"line":74,"column":2},"end":{"line":74,"column":3}},"loc":{"start":{"line":74,"column":27},"end":{"line":104,"column":3}},"line":74},"3":{"name":"(anonymous_3)","decl":{"start":{"line":111,"column":2},"end":{"line":111,"column":3}},"loc":{"start":{"line":111,"column":27},"end":{"line":128,"column":3}},"line":111},"4":{"name":"(anonymous_4)","decl":{"start":{"line":135,"column":2},"end":{"line":135,"column":3}},"loc":{"start":{"line":135,"column":27},"end":{"line":148,"column":3}},"line":135},"5":{"name":"(anonymous_5)","decl":{"start":{"line":156,"column":2},"end":{"line":156,"column":3}},"loc":{"start":{"line":156,"column":42},"end":{"line":179,"column":3}},"line":156}},"branchMap":{"0":{"loc":{"start":{"line":27,"column":4},"end":{"line":29,"column":5}},"type":"if","locations":[{"start":{"line":27,"column":4},"end":{"line":29,"column":5}},{"start":{},"end":{}}],"line":27},"1":{"loc":{"start":{"line":79,"column":4},"end":{"line":81,"column":5}},"type":"if","locations":[{"start":{"line":79,"column":4},"end":{"line":81,"column":5}},{"start":{},"end":{}}],"line":79},"2":{"loc":{"start":{"line":85,"column":4},"end":{"line":87,"column":5}},"type":"if","locations":[{"start":{"line":85,"column":4},"end":{"line":87,"column":5}},{"start":{},"end":{}}],"line":85},"3":{"loc":{"start":{"line":113,"column":4},"end":{"line":115,"column":5}},"type":"if","locations":[{"start":{"line":113,"column":4},"end":{"line":115,"column":5}},{"start":{},"end":{}}],"line":113},"4":{"loc":{"start":{"line":118,"column":4},"end":{"line":120,"column":5}},"type":"if","locations":[{"start":{"line":118,"column":4},"end":{"line":120,"column":5}},{"start":{},"end":{}}],"line":118},"5":{"loc":{"start":{"line":137,"column":4},"end":{"line":139,"column":5}},"type":"if","locations":[{"start":{"line":137,"column":4},"end":{"line":139,"column":5}},{"start":{},"end":{}}],"line":137},"6":{"loc":{"start":{"line":160,"column":4},"end":{"line":165,"column":5}},"type":"if","locations":[{"start":{"line":160,"column":4},"end":{"line":165,"column":5}},{"start":{},"end":{}}],"line":160},"7":{"loc":{"start":{"line":162,"column":6},"end":{"line":164,"column":7}},"type":"if","locations":[{"start":{"line":162,"column":6},"end":{"line":164,"column":7}},{"start":{},"end":{}}],"line":162},"8":{"loc":{"start":{"line":162,"column":10},"end":{"line":162,"column":52}},"type":"binary-expr","locations":[{"start":{"line":162,"column":10},"end":{"line":162,"column":22}},{"start":{"line":162,"column":26},"end":{"line":162,"column":52}}],"line":162}},"s":{"0":1,"1":1,"2":1,"3":1,"4":2,"5":2,"6":2,"7":2,"8":2,"9":2,"10":0,"11":0,"12":0,"13":0,"14":0,"15":0,"16":0,"17":3,"18":3,"19":0,"20":0,"21":0,"22":0,"23":0,"24":0,"25":0,"26":0,"27":0,"28":0,"29":0,"30":0,"31":0,"32":0,"33":0,"34":0,"35":0,"36":0,"37":0,"38":0,"39":0,"40":0,"41":0,"42":0,"43":0,"44":1},"f":{"0":2,"1":2,"2":3,"3":0,"4":0,"5":0},"b":{"0":[0,0],"1":[0,0],"2":[0,0],"3":[0,0],"4":[0,0],"5":[0,0],"6":[0,0],"7":[0,0],"8":[0,0]},"_coverageSchema":"1a1c01bbd47fc00a2c39e90264f33305004495a9","hash":"3a56e6fbb186862b4b099106dd658fdae0d1e46e"}
,"/home/thomas/.openclaw/workspace/backend/src/services/CalculationService.js": {"path":"/home/thomas/.openclaw/workspace/backend/src/services/CalculationService.js","statementMap":{"0":{"start":{"line":6,"column":20},"end":{"line":6,"column":52}},"1":{"start":{"line":7,"column":23},"end":{"line":7,"column":55}},"2":{"start":{"line":16,"column":4},"end":{"line":16,"column":45}},"3":{"start":{"line":17,"column":4},"end":{"line":17,"column":55}},"4":{"start":{"line":18,"column":4},"end":{"line":18,"column":45}},"5":{"start":{"line":29,"column":16},"end":{"line":29,"column":75}},"6":{"start":{"line":30,"column":23},"end":{"line":30,"column":37}},"7":{"start":{"line":32,"column":4},"end":{"line":36,"column":5}},"8":{"start":{"line":33,"column":20},"end":{"line":33,"column":59}},"9":{"start":{"line":34,"column":6},"end":{"line":34,"column":29}},"10":{"start":{"line":35,"column":6},"end":{"line":35,"column":18}},"11":{"start":{"line":39,"column":17},"end":{"line":39,"column":65}},"12":{"start":{"line":42,"column":4},"end":{"line":44,"column":5}},"13":{"start":{"line":43,"column":6},"end":{"line":43,"column":65}},"14":{"start":{"line":47,"column":19},"end":{"line":47,"column":65}},"15":{"start":{"line":50,"column":24},"end":{"line":59,"column":5}},"16":{"start":{"line":61,"column":4},"end":{"line":61,"column":55}},"17":{"start":{"line":63,"column":4},"end":{"line":63,"column":27}},"18":{"start":{"line":72,"column":25},"end":{"line":72,"column":85}},"19":{"start":{"line":73,"column":4},"end":{"line":73,"column":51}},"20":{"start":{"line":73,"column":36},"end":{"line":73,"column":49}},"21":{"start":{"line":77,"column":0},"end":{"line":77,"column":36}}},"fnMap":{"0":{"name":"(anonymous_0)","decl":{"start":{"line":15,"column":2},"end":{"line":15,"column":3}},"loc":{"start":{"line":15,"column":73},"end":{"line":19,"column":3}},"line":15},"1":{"name":"(anonymous_1)","decl":{"start":{"line":27,"column":2},"end":{"line":27,"column":3}},"loc":{"start":{"line":27,"column":33},"end":{"line":64,"column":3}},"line":27},"2":{"name":"(anonymous_2)","decl":{"start":{"line":71,"column":2},"end":{"line":71,"column":3}},"loc":{"start":{"line":71,"column":39},"end":{"line":74,"column":3}},"line":71},"3":{"name":"(anonymous_3)","decl":{"start":{"line":73,"column":28},"end":{"line":73,"column":29}},"loc":{"start":{"line":73,"column":36},"end":{"line":73,"column":49}},"line":73}},"branchMap":{"0":{"loc":{"start":{"line":32,"column":4},"end":{"line":36,"column":5}},"type":"if","locations":[{"start":{"line":32,"column":4},"end":{"line":36,"column":5}},{"start":{},"end":{}}],"line":32},"1":{"loc":{"start":{"line":42,"column":4},"end":{"line":44,"column":5}},"type":"if","locations":[{"start":{"line":42,"column":4},"end":{"line":44,"column":5}},{"start":{},"end":{}}],"line":42},"2":{"loc":{"start":{"line":71,"column":27},"end":{"line":71,"column":37}},"type":"default-arg","locations":[{"start":{"line":71,"column":35},"end":{"line":71,"column":37}}],"line":71}},"s":{"0":1,"1":1,"2":1,"3":1,"4":1,"5":4,"6":4,"7":4,"8":2,"9":2,"10":2,"11":2,"12":2,"13":1,"14":2,"15":2,"16":2,"17":2,"18":1,"19":1,"20":1,"21":1},"f":{"0":1,"1":4,"2":1,"3":1},"b":{"0":[2,2],"1":[1,1],"2":[0]},"_coverageSchema":"1a1c01bbd47fc00a2c39e90264f33305004495a9","hash":"4a8ba8a876f2f83de1d899d66dd3915e109ab26a"}
,"/home/thomas/.openclaw/workspace/backend/src/services/CalculatorService.js": {"path":"/home/thomas/.openclaw/workspace/backend/src/services/CalculatorService.js","statementMap":{"0":{"start":{"line":4,"column":21},"end":{"line":4,"column":54}},"1":{"start":{"line":15,"column":16},"end":{"line":21,"column":5}},"2":{"start":{"line":23,"column":48},"end":{"line":23,"column":53}},"3":{"start":{"line":26,"column":24},"end":{"line":26,"column":57}},"4":{"start":{"line":30,"column":24},"end":{"line":30,"column":82}},"5":{"start":{"line":33,"column":26},"end":{"line":33,"column":92}},"6":{"start":{"line":36,"column":24},"end":{"line":36,"column":51}},"7":{"start":{"line":38,"column":4},"end":{"line":45,"column":6}},"8":{"start":{"line":55,"column":19},"end":{"line":55,"column":66}},"9":{"start":{"line":56,"column":4},"end":{"line":56,"column":27}},"10":{"start":{"line":60,"column":0},"end":{"line":60,"column":35}}},"fnMap":{"0":{"name":"(anonymous_0)","decl":{"start":{"line":13,"column":2},"end":{"line":13,"column":3}},"loc":{"start":{"line":13,"column":34},"end":{"line":46,"column":3}},"line":13},"1":{"name":"(anonymous_1)","decl":{"start":{"line":54,"column":2},"end":{"line":54,"column":3}},"loc":{"start":{"line":54,"column":52},"end":{"line":57,"column":3}},"line":54}},"branchMap":{"0":{"loc":{"start":{"line":13,"column":19},"end":{"line":13,"column":32}},"type":"default-arg","locations":[{"start":{"line":13,"column":28},"end":{"line":13,"column":32}}],"line":13},"1":{"loc":{"start":{"line":15,"column":16},"end":{"line":21,"column":5}},"type":"binary-expr","locations":[{"start":{"line":15,"column":16},"end":{"line":15,"column":22}},{"start":{"line":15,"column":26},"end":{"line":21,"column":5}}],"line":15},"2":{"loc":{"start":{"line":23,"column":27},"end":{"line":23,"column":43}},"type":"default-arg","locations":[{"start":{"line":23,"column":42},"end":{"line":23,"column":43}}],"line":23},"3":{"loc":{"start":{"line":33,"column":27},"end":{"line":33,"column":44}},"type":"binary-expr","locations":[{"start":{"line":33,"column":27},"end":{"line":33,"column":39}},{"start":{"line":33,"column":43},"end":{"line":33,"column":44}}],"line":33},"4":{"loc":{"start":{"line":54,"column":34},"end":{"line":54,"column":50}},"type":"default-arg","locations":[{"start":{"line":54,"column":49},"end":{"line":54,"column":50}}],"line":54}},"s":{"0":0,"1":0,"2":0,"3":0,"4":0,"5":0,"6":0,"7":0,"8":0,"9":0,"10":0},"f":{"0":0,"1":0},"b":{"0":[0],"1":[0,0],"2":[0],"3":[0,0],"4":[0]}}
,"/home/thomas/.openclaw/workspace/backend/src/services/ConfigService.js": {"path":"/home/thomas/.openclaw/workspace/backend/src/services/ConfigService.js","statementMap":{"0":{"start":{"line":4,"column":25},"end":{"line":4,"column":68}},"1":{"start":{"line":5,"column":19},"end":{"line":5,"column":50}},"2":{"start":{"line":9,"column":4},"end":{"line":9,"column":51}},"3":{"start":{"line":18,"column":19},"end":{"line":18,"column":67}},"4":{"start":{"line":19,"column":4},"end":{"line":39,"column":5}},"5":{"start":{"line":21,"column":24},"end":{"line":28,"column":8}},"6":{"start":{"line":29,"column":6},"end":{"line":38,"column":17}},"7":{"start":{"line":41,"column":4},"end":{"line":50,"column":15}},"8":{"start":{"line":60,"column":102},"end":{"line":60,"column":112}},"9":{"start":{"line":63,"column":4},"end":{"line":65,"column":5}},"10":{"start":{"line":64,"column":6},"end":{"line":64,"column":65}},"11":{"start":{"line":66,"column":4},"end":{"line":68,"column":5}},"12":{"start":{"line":67,"column":6},"end":{"line":67,"column":64}},"13":{"start":{"line":69,"column":4},"end":{"line":71,"column":5}},"14":{"start":{"line":70,"column":6},"end":{"line":70,"column":62}},"15":{"start":{"line":72,"column":4},"end":{"line":74,"column":5}},"16":{"start":{"line":73,"column":6},"end":{"line":73,"column":60}},"17":{"start":{"line":75,"column":4},"end":{"line":77,"column":5}},"18":{"start":{"line":76,"column":6},"end":{"line":76,"column":61}},"19":{"start":{"line":80,"column":27},"end":{"line":80,"column":75}},"20":{"start":{"line":82,"column":4},"end":{"line":102,"column":5}},"21":{"start":{"line":84,"column":24},"end":{"line":91,"column":8}},"22":{"start":{"line":92,"column":6},"end":{"line":101,"column":17}},"23":{"start":{"line":105,"column":26},"end":{"line":111,"column":6}},"24":{"start":{"line":113,"column":4},"end":{"line":122,"column":15}},"25":{"start":{"line":131,"column":4},"end":{"line":137,"column":7}},"26":{"start":{"line":141,"column":0},"end":{"line":141,"column":31}}},"fnMap":{"0":{"name":"(anonymous_0)","decl":{"start":{"line":8,"column":2},"end":{"line":8,"column":3}},"loc":{"start":{"line":8,"column":16},"end":{"line":10,"column":3}},"line":8},"1":{"name":"(anonymous_1)","decl":{"start":{"line":17,"column":2},"end":{"line":17,"column":3}},"loc":{"start":{"line":17,"column":26},"end":{"line":51,"column":3}},"line":17},"2":{"name":"(anonymous_2)","decl":{"start":{"line":59,"column":2},"end":{"line":59,"column":3}},"loc":{"start":{"line":59,"column":41},"end":{"line":123,"column":3}},"line":59},"3":{"name":"(anonymous_3)","decl":{"start":{"line":130,"column":2},"end":{"line":130,"column":3}},"loc":{"start":{"line":130,"column":28},"end":{"line":138,"column":3}},"line":130}},"branchMap":{"0":{"loc":{"start":{"line":19,"column":4},"end":{"line":39,"column":5}},"type":"if","locations":[{"start":{"line":19,"column":4},"end":{"line":39,"column":5}},{"start":{},"end":{}}],"line":19},"1":{"loc":{"start":{"line":63,"column":4},"end":{"line":65,"column":5}},"type":"if","locations":[{"start":{"line":63,"column":4},"end":{"line":65,"column":5}},{"start":{},"end":{}}],"line":63},"2":{"loc":{"start":{"line":63,"column":8},"end":{"line":63,"column":84}},"type":"binary-expr","locations":[{"start":{"line":63,"column":8},"end":{"line":63,"column":36}},{"start":{"line":63,"column":41},"end":{"line":63,"column":60}},{"start":{"line":63,"column":64},"end":{"line":63,"column":83}}],"line":63},"3":{"loc":{"start":{"line":66,"column":4},"end":{"line":68,"column":5}},"type":"if","locations":[{"start":{"line":66,"column":4},"end":{"line":68,"column":5}},{"start":{},"end":{}}],"line":66},"4":{"loc":{"start":{"line":66,"column":8},"end":{"line":66,"column":81}},"type":"binary-expr","locations":[{"start":{"line":66,"column":8},"end":{"line":66,"column":35}},{"start":{"line":66,"column":40},"end":{"line":66,"column":58}},{"start":{"line":66,"column":62},"end":{"line":66,"column":80}}],"line":66},"5":{"loc":{"start":{"line":69,"column":4},"end":{"line":71,"column":5}},"type":"if","locations":[{"start":{"line":69,"column":4},"end":{"line":71,"column":5}},{"start":{},"end":{}}],"line":69},"6":{"loc":{"start":{"line":69,"column":8},"end":{"line":69,"column":60}},"type":"binary-expr","locations":[{"start":{"line":69,"column":8},"end":{"line":69,"column":37}},{"start":{"line":69,"column":41},"end":{"line":69,"column":60}}],"line":69},"7":{"loc":{"start":{"line":72,"column":4},"end":{"line":74,"column":5}},"type":"if","locations":[{"start":{"line":72,"column":4},"end":{"line":74,"column":5}},{"start":{},"end":{}}],"line":72},"8":{"loc":{"start":{"line":72,"column":8},"end":{"line":72,"column":65}},"type":"binary-expr","locations":[{"start":{"line":72,"column":8},"end":{"line":72,"column":39}},{"start":{"line":72,"column":43},"end":{"line":72,"column":65}}],"line":72},"9":{"loc":{"start":{"line":75,"column":4},"end":{"line":77,"column":5}},"type":"if","locations":[{"start":{"line":75,"column":4},"end":{"line":77,"column":5}},{"start":{},"end":{}}],"line":75},"10":{"loc":{"start":{"line":75,"column":8},"end":{"line":75,"column":67}},"type":"binary-expr","locations":[{"start":{"line":75,"column":8},"end":{"line":75,"column":40}},{"start":{"line":75,"column":44},"end":{"line":75,"column":67}}],"line":75},"11":{"loc":{"start":{"line":82,"column":4},"end":{"line":102,"column":5}},"type":"if","locations":[{"start":{"line":82,"column":4},"end":{"line":102,"column":5}},{"start":{},"end":{}}],"line":82},"12":{"loc":{"start":{"line":86,"column":24},"end":{"line":86,"column":46}},"type":"binary-expr","locations":[{"start":{"line":86,"column":24},"end":{"line":86,"column":38}},{"start":{"line":86,"column":42},"end":{"line":86,"column":46}}],"line":86},"13":{"loc":{"start":{"line":87,"column":23},"end":{"line":87,"column":43}},"type":"binary-expr","locations":[{"start":{"line":87,"column":23},"end":{"line":87,"column":36}},{"start":{"line":87,"column":40},"end":{"line":87,"column":43}}],"line":87},"14":{"loc":{"start":{"line":88,"column":25},"end":{"line":88,"column":48}},"type":"binary-expr","locations":[{"start":{"line":88,"column":25},"end":{"line":88,"column":40}},{"start":{"line":88,"column":44},"end":{"line":88,"column":48}}],"line":88},"15":{"loc":{"start":{"line":89,"column":27},"end":{"line":89,"column":51}},"type":"binary-expr","locations":[{"start":{"line":89,"column":27},"end":{"line":89,"column":44}},{"start":{"line":89,"column":48},"end":{"line":89,"column":51}}],"line":89},"16":{"loc":{"start":{"line":90,"column":28},"end":{"line":90,"column":53}},"type":"binary-expr","locations":[{"start":{"line":90,"column":28},"end":{"line":90,"column":46}},{"start":{"line":90,"column":50},"end":{"line":90,"column":53}}],"line":90}},"s":{"0":1,"1":1,"2":2,"3":0,"4":0,"5":0,"6":0,"7":0,"8":0,"9":0,"10":0,"11":0,"12":0,"13":0,"14":0,"15":0,"16":0,"17":0,"18":0,"19":0,"20":0,"21":0,"22":0,"23":0,"24":0,"25":0,"26":1},"f":{"0":2,"1":0,"2":0,"3":0},"b":{"0":[0,0],"1":[0,0],"2":[0,0,0],"3":[0,0],"4":[0,0,0],"5":[0,0],"6":[0,0],"7":[0,0],"8":[0,0],"9":[0,0],"10":[0,0],"11":[0,0],"12":[0,0],"13":[0,0],"14":[0,0],"15":[0,0],"16":[0,0]},"_coverageSchema":"1a1c01bbd47fc00a2c39e90264f33305004495a9","hash":"eaf494bd6f6d25098b6ae0cd5e4cae96bb28aa58"}
,"/home/thomas/.openclaw/workspace/backend/src/services/HistoryService.js": {"path":"/home/thomas/.openclaw/workspace/backend/src/services/HistoryService.js","statementMap":{"0":{"start":{"line":4,"column":30},"end":{"line":4,"column":78}},"1":{"start":{"line":5,"column":26},"end":{"line":5,"column":56}},"2":{"start":{"line":9,"column":4},"end":{"line":9,"column":61}},"3":{"start":{"line":10,"column":4},"end":{"line":10,"column":53}},"4":{"start":{"line":20,"column":39},"end":{"line":20,"column":46}},"5":{"start":{"line":21,"column":25},"end":{"line":25,"column":6}},"6":{"start":{"line":26,"column":4},"end":{"line":26,"column":24}},"7":{"start":{"line":38,"column":19},"end":{"line":38,"column":66}},"8":{"start":{"line":41,"column":24},"end":{"line":49,"column":6}},"9":{"start":{"line":51,"column":4},"end":{"line":51,"column":23}},"10":{"start":{"line":61,"column":24},"end":{"line":61,"column":69}},"11":{"start":{"line":62,"column":4},"end":{"line":64,"column":5}},"12":{"start":{"line":63,"column":6},"end":{"line":63,"column":47}},"13":{"start":{"line":65,"column":4},"end":{"line":67,"column":5}},"14":{"start":{"line":66,"column":6},"end":{"line":66,"column":65}},"15":{"start":{"line":68,"column":4},"end":{"line":68,"column":23}},"16":{"start":{"line":78,"column":24},"end":{"line":78,"column":69}},"17":{"start":{"line":79,"column":4},"end":{"line":81,"column":5}},"18":{"start":{"line":80,"column":6},"end":{"line":80,"column":47}},"19":{"start":{"line":82,"column":4},"end":{"line":84,"column":5}},"20":{"start":{"line":83,"column":6},"end":{"line":83,"column":67}},"21":{"start":{"line":85,"column":4},"end":{"line":85,"column":49}},"22":{"start":{"line":94,"column":4},"end":{"line":94,"column":64}},"23":{"start":{"line":98,"column":0},"end":{"line":98,"column":32}}},"fnMap":{"0":{"name":"(anonymous_0)","decl":{"start":{"line":8,"column":2},"end":{"line":8,"column":3}},"loc":{"start":{"line":8,"column":16},"end":{"line":11,"column":3}},"line":8},"1":{"name":"(anonymous_1)","decl":{"start":{"line":19,"column":2},"end":{"line":19,"column":3}},"loc":{"start":{"line":19,"column":41},"end":{"line":27,"column":3}},"line":19},"2":{"name":"(anonymous_2)","decl":{"start":{"line":36,"column":2},"end":{"line":36,"column":3}},"loc":{"start":{"line":36,"column":54},"end":{"line":52,"column":3}},"line":36},"3":{"name":"(anonymous_3)","decl":{"start":{"line":60,"column":2},"end":{"line":60,"column":3}},"loc":{"start":{"line":60,"column":35},"end":{"line":69,"column":3}},"line":60},"4":{"name":"(anonymous_4)","decl":{"start":{"line":77,"column":2},"end":{"line":77,"column":3}},"loc":{"start":{"line":77,"column":38},"end":{"line":86,"column":3}},"line":77},"5":{"name":"(anonymous_5)","decl":{"start":{"line":93,"column":2},"end":{"line":93,"column":3}},"loc":{"start":{"line":93,"column":29},"end":{"line":95,"column":3}},"line":93}},"branchMap":{"0":{"loc":{"start":{"line":19,"column":27},"end":{"line":19,"column":39}},"type":"default-arg","locations":[{"start":{"line":19,"column":37},"end":{"line":19,"column":39}}],"line":19},"1":{"loc":{"start":{"line":20,"column":12},"end":{"line":20,"column":22}},"type":"default-arg","locations":[{"start":{"line":20,"column":20},"end":{"line":20,"column":22}}],"line":20},"2":{"loc":{"start":{"line":20,"column":24},"end":{"line":20,"column":34}},"type":"default-arg","locations":[{"start":{"line":20,"column":33},"end":{"line":20,"column":34}}],"line":20},"3":{"loc":{"start":{"line":36,"column":39},"end":{"line":36,"column":52}},"type":"default-arg","locations":[{"start":{"line":36,"column":48},"end":{"line":36,"column":52}}],"line":36},"4":{"loc":{"start":{"line":62,"column":4},"end":{"line":64,"column":5}},"type":"if","locations":[{"start":{"line":62,"column":4},"end":{"line":64,"column":5}},{"start":{},"end":{}}],"line":62},"5":{"loc":{"start":{"line":65,"column":4},"end":{"line":67,"column":5}},"type":"if","locations":[{"start":{"line":65,"column":4},"end":{"line":67,"column":5}},{"start":{},"end":{}}],"line":65},"6":{"loc":{"start":{"line":79,"column":4},"end":{"line":81,"column":5}},"type":"if","locations":[{"start":{"line":79,"column":4},"end":{"line":81,"column":5}},{"start":{},"end":{}}],"line":79},"7":{"loc":{"start":{"line":82,"column":4},"end":{"line":84,"column":5}},"type":"if","locations":[{"start":{"line":82,"column":4},"end":{"line":84,"column":5}},{"start":{},"end":{}}],"line":82}},"s":{"0":0,"1":0,"2":0,"3":0,"4":0,"5":0,"6":0,"7":0,"8":0,"9":0,"10":0,"11":0,"12":0,"13":0,"14":0,"15":0,"16":0,"17":0,"18":0,"19":0,"20":0,"21":0,"22":0,"23":0},"f":{"0":0,"1":0,"2":0,"3":0,"4":0,"5":0},"b":{"0":[0],"1":[0],"2":[0],"3":[0],"4":[0,0],"5":[0,0],"6":[0,0],"7":[0,0]}}
,"/home/thomas/.openclaw/workspace/backend/src/services/PasswordHasher.js": {"path":"/home/thomas/.openclaw/workspace/backend/src/services/PasswordHasher.js","statementMap":{"0":{"start":{"line":6,"column":15},"end":{"line":6,"column":32}},"1":{"start":{"line":15,"column":4},"end":{"line":24,"column":5}},"2":{"start":{"line":16,"column":6},"end":{"line":21,"column":9}},"3":{"start":{"line":23,"column":6},"end":{"line":23,"column":49}},"4":{"start":{"line":34,"column":4},"end":{"line":38,"column":5}},"5":{"start":{"line":35,"column":6},"end":{"line":35,"column":49}},"6":{"start":{"line":37,"column":6},"end":{"line":37,"column":19}},"7":{"start":{"line":42,"column":0},"end":{"line":42,"column":32}}},"fnMap":{"0":{"name":"(anonymous_0)","decl":{"start":{"line":14,"column":2},"end":{"line":14,"column":3}},"loc":{"start":{"line":14,"column":23},"end":{"line":25,"column":3}},"line":14},"1":{"name":"(anonymous_1)","decl":{"start":{"line":33,"column":2},"end":{"line":33,"column":3}},"loc":{"start":{"line":33,"column":31},"end":{"line":39,"column":3}},"line":33}},"branchMap":{},"s":{"0":1,"1":0,"2":0,"3":0,"4":0,"5":0,"6":0,"7":1},"f":{"0":0,"1":0},"b":{},"_coverageSchema":"1a1c01bbd47fc00a2c39e90264f33305004495a9","hash":"849bb9433403d511061c6a947499e27d5da393ea"}
,"/home/thomas/.openclaw/workspace/backend/src/services/SalaryCalculator.js": {"path":"/home/thomas/.openclaw/workspace/backend/src/services/SalaryCalculator.js","statementMap":{"0":{"start":{"line":6,"column":26},"end":{"line":6,"column":68}},"1":{"start":{"line":7,"column":21},"end":{"line":7,"column":54}},"2":{"start":{"line":17,"column":35},"end":{"line":17,"column":105}},"3":{"start":{"line":20,"column":24},"end":{"line":20,"column":90}},"4":{"start":{"line":23,"column":24},"end":{"line":25,"column":60}},"5":{"start":{"line":28,"column":26},"end":{"line":30,"column":63}},"6":{"start":{"line":33,"column":24},"end":{"line":33,"column":51}},"7":{"start":{"line":35,"column":4},"end":{"line":42,"column":6}},"8":{"start":{"line":46,"column":0},"end":{"line":46,"column":34}}},"fnMap":{"0":{"name":"(anonymous_0)","decl":{"start":{"line":16,"column":2},"end":{"line":16,"column":3}},"loc":{"start":{"line":16,"column":27},"end":{"line":43,"column":3}},"line":16}},"branchMap":{"0":{"loc":{"start":{"line":17,"column":35},"end":{"line":17,"column":105}},"type":"cond-expr","locations":[{"start":{"line":17,"column":65},"end":{"line":17,"column":83}},{"start":{"line":17,"column":86},"end":{"line":17,"column":105}}],"line":17}},"s":{"0":0,"1":0,"2":0,"3":0,"4":0,"5":0,"6":0,"7":0,"8":0},"f":{"0":0},"b":{"0":[0,0]}}
,"/home/thomas/.openclaw/workspace/backend/src/services/TokenService.js": {"path":"/home/thomas/.openclaw/workspace/backend/src/services/TokenService.js","statementMap":{"0":{"start":{"line":6,"column":12},"end":{"line":6,"column":35}},"1":{"start":{"line":10,"column":4},"end":{"line":10,"column":93}},"2":{"start":{"line":11,"column":4},"end":{"line":11,"column":56}},"3":{"start":{"line":20,"column":4},"end":{"line":22,"column":7}},"4":{"start":{"line":31,"column":4},"end":{"line":35,"column":5}},"5":{"start":{"line":32,"column":6},"end":{"line":32,"column":44}},"6":{"start":{"line":34,"column":6},"end":{"line":34,"column":18}},"7":{"start":{"line":44,"column":4},"end":{"line":44,"column":29}},"8":{"start":{"line":48,"column":0},"end":{"line":48,"column":30}}},"fnMap":{"0":{"name":"(anonymous_0)","decl":{"start":{"line":9,"column":2},"end":{"line":9,"column":3}},"loc":{"start":{"line":9,"column":16},"end":{"line":12,"column":3}},"line":9},"1":{"name":"(anonymous_1)","decl":{"start":{"line":19,"column":2},"end":{"line":19,"column":3}},"loc":{"start":{"line":19,"column":20},"end":{"line":23,"column":3}},"line":19},"2":{"name":"(anonymous_2)","decl":{"start":{"line":30,"column":2},"end":{"line":30,"column":3}},"loc":{"start":{"line":30,"column":16},"end":{"line":36,"column":3}},"line":30},"3":{"name":"(anonymous_3)","decl":{"start":{"line":43,"column":2},"end":{"line":43,"column":3}},"loc":{"start":{"line":43,"column":16},"end":{"line":45,"column":3}},"line":43}},"branchMap":{"0":{"loc":{"start":{"line":10,"column":18},"end":{"line":10,"column":92}},"type":"binary-expr","locations":[{"start":{"line":10,"column":18},"end":{"line":10,"column":40}},{"start":{"line":10,"column":44},"end":{"line":10,"column":92}}],"line":10},"1":{"loc":{"start":{"line":11,"column":21},"end":{"line":11,"column":55}},"type":"binary-expr","locations":[{"start":{"line":11,"column":21},"end":{"line":11,"column":47}},{"start":{"line":11,"column":51},"end":{"line":11,"column":55}}],"line":11}},"s":{"0":1,"1":2,"2":2,"3":0,"4":0,"5":0,"6":0,"7":0,"8":1},"f":{"0":2,"1":0,"2":0,"3":0},"b":{"0":[2,0],"1":[2,2]},"_coverageSchema":"1a1c01bbd47fc00a2c39e90264f33305004495a9","hash":"0dfea9f0b7e98b46da7a25c0489bfbee7174a993"}
,"/home/thomas/.openclaw/workspace/backend/src/utils/DIContainer.js": {"path":"/home/thomas/.openclaw/workspace/backend/src/utils/DIContainer.js","statementMap":{"0":{"start":{"line":8,"column":4},"end":{"line":8,"column":30}},"1":{"start":{"line":18,"column":4},"end":{"line":18,"column":37}},"2":{"start":{"line":19,"column":4},"end":{"line":19,"column":16}},"3":{"start":{"line":28,"column":20},"end":{"line":28,"column":43}},"4":{"start":{"line":29,"column":4},"end":{"line":31,"column":5}},"5":{"start":{"line":30,"column":6},"end":{"line":30,"column":51}},"6":{"start":{"line":32,"column":4},"end":{"line":32,"column":19}},"7":{"start":{"line":41,"column":4},"end":{"line":41,"column":35}},"8":{"start":{"line":45,"column":0},"end":{"line":45,"column":29}}},"fnMap":{"0":{"name":"(anonymous_0)","decl":{"start":{"line":7,"column":2},"end":{"line":7,"column":3}},"loc":{"start":{"line":7,"column":16},"end":{"line":9,"column":3}},"line":7},"1":{"name":"(anonymous_1)","decl":{"start":{"line":17,"column":2},"end":{"line":17,"column":3}},"loc":{"start":{"line":17,"column":26},"end":{"line":20,"column":3}},"line":17},"2":{"name":"(anonymous_2)","decl":{"start":{"line":27,"column":2},"end":{"line":27,"column":3}},"loc":{"start":{"line":27,"column":12},"end":{"line":33,"column":3}},"line":27},"3":{"name":"(anonymous_3)","decl":{"start":{"line":40,"column":2},"end":{"line":40,"column":3}},"loc":{"start":{"line":40,"column":12},"end":{"line":42,"column":3}},"line":40}},"branchMap":{"0":{"loc":{"start":{"line":29,"column":4},"end":{"line":31,"column":5}},"type":"if","locations":[{"start":{"line":29,"column":4},"end":{"line":31,"column":5}},{"start":{},"end":{}}],"line":29}},"s":{"0":0,"1":0,"2":0,"3":0,"4":0,"5":0,"6":0,"7":0,"8":0},"f":{"0":0,"1":0,"2":0,"3":0},"b":{"0":[0,0]}}
,"/home/thomas/.openclaw/workspace/backend/src/utils/ServiceFactory.js": {"path":"/home/thomas/.openclaw/workspace/backend/src/utils/ServiceFactory.js","statementMap":{"0":{"start":{"line":6,"column":20},"end":{"line":6,"column":51}},"1":{"start":{"line":7,"column":13},"end":{"line":7,"column":42}},"2":{"start":{"line":10,"column":23},"end":{"line":10,"column":64}},"3":{"start":{"line":11,"column":25},"end":{"line":11,"column":68}},"4":{"start":{"line":12,"column":30},"end":{"line":12,"column":78}},"5":{"start":{"line":15,"column":23},"end":{"line":15,"column":60}},"6":{"start":{"line":16,"column":21},"end":{"line":16,"column":56}},"7":{"start":{"line":17,"column":25},"end":{"line":17,"column":64}},"8":{"start":{"line":18,"column":20},"end":{"line":18,"column":54}},"9":{"start":{"line":19,"column":22},"end":{"line":19,"column":58}},"10":{"start":{"line":20,"column":27},"end":{"line":20,"column":68}},"11":{"start":{"line":23,"column":23},"end":{"line":23,"column":63}},"12":{"start":{"line":24,"column":25},"end":{"line":24,"column":67}},"13":{"start":{"line":25,"column":30},"end":{"line":25,"column":77}},"14":{"start":{"line":28,"column":23},"end":{"line":28,"column":62}},"15":{"start":{"line":35,"column":20},"end":{"line":35,"column":37}},"16":{"start":{"line":38,"column":2},"end":{"line":38,"column":37}},"17":{"start":{"line":41,"column":2},"end":{"line":41,"column":65}},"18":{"start":{"line":42,"column":2},"end":{"line":42,"column":69}},"19":{"start":{"line":43,"column":2},"end":{"line":43,"column":79}},"20":{"start":{"line":46,"column":2},"end":{"line":46,"column":61}},"21":{"start":{"line":47,"column":2},"end":{"line":47,"column":57}},"22":{"start":{"line":48,"column":2},"end":{"line":48,"column":65}},"23":{"start":{"line":51,"column":2},"end":{"line":55,"column":5}},"24":{"start":{"line":57,"column":2},"end":{"line":59,"column":5}},"25":{"start":{"line":61,"column":2},"end":{"line":65,"column":5}},"26":{"start":{"line":68,"column":2},"end":{"line":70,"column":5}},"27":{"start":{"line":72,"column":2},"end":{"line":74,"column":5}},"28":{"start":{"line":76,"column":2},"end":{"line":78,"column":5}},"29":{"start":{"line":81,"column":2},"end":{"line":83,"column":5}},"30":{"start":{"line":85,"column":2},"end":{"line":85,"column":19}},"31":{"start":{"line":88,"column":0},"end":{"line":88,"column":50}}},"fnMap":{"0":{"name":"createContainer","decl":{"start":{"line":34,"column":9},"end":{"line":34,"column":24}},"loc":{"start":{"line":34,"column":27},"end":{"line":86,"column":1}},"line":34}},"branchMap":{},"s":{"0":0,"1":0,"2":0,"3":0,"4":0,"5":0,"6":0,"7":0,"8":0,"9":0,"10":0,"11":0,"12":0,"13":0,"14":0,"15":0,"16":0,"17":0,"18":0,"19":0,"20":0,"21":0,"22":0,"23":0,"24":0,"25":0,"26":0,"27":0,"28":0,"29":0,"30":0,"31":0},"f":{"0":0},"b":{}}
}
