TN:
SF:src/config/database.js
FN:22,(anonymous_0)
FN:35,(anonymous_1)
FNF:2
FNH:0
FNDA:0,(anonymous_0)
FNDA:0,(anonymous_1)
DA:4,0
DA:6,0
DA:8,0
DA:22,0
DA:23,0
DA:24,0
DA:25,0
DA:26,0
DA:27,0
DA:29,0
DA:30,0
DA:35,0
DA:36,0
DA:37,0
DA:40,0
DA:54,0
DA:71,0
DA:89,0
DA:107,0
DA:108,0
DA:109,0
DA:111,0
DA:112,0
DA:116,0
LF:24
LH:0
BRDA:9,0,0,0
BRDA:9,0,1,0
BRDA:10,1,0,0
BRDA:10,1,1,0
BRDA:11,2,0,0
BRDA:11,2,1,0
BRDA:12,3,0,0
BRDA:12,3,1,0
BRDA:13,4,0,0
BRDA:13,4,1,0
BRF:10
BRH:0
end_of_record
TN:
SF:src/config/initDb.js
FN:7,(anonymous_0)
FN:72,(anonymous_1)
FN:73,(anonymous_2)
FNF:3
FNH:0
FNDA:0,(anonymous_0)
FNDA:0,(anonymous_1)
FNDA:0,(anonymous_2)
DA:5,0
DA:7,0
DA:8,0
DA:10,0
DA:12,0
DA:21,0
DA:24,0
DA:37,0
DA:40,0
DA:56,0
DA:58,0
DA:60,0
DA:61,0
DA:63,0
DA:67,0
DA:70,0
DA:71,0
DA:72,0
DA:73,0
LF:19
LH:0
BRDA:70,0,0,0
BRDA:70,0,1,0
BRF:2
BRH:0
end_of_record
TN:
SF:src/controllers/AuthController.js
FN:9,(anonymous_0)
FN:17,(anonymous_1)
FN:65,(anonymous_2)
FN:106,(anonymous_3)
FN:132,(anonymous_4)
FNF:5
FNH:0
FNDA:0,(anonymous_0)
FNDA:0,(anonymous_1)
FNDA:0,(anonymous_2)
FNDA:0,(anonymous_3)
FNDA:0,(anonymous_4)
DA:4,0
DA:5,0
DA:6,0
DA:10,0
DA:18,0
DA:19,0
DA:26,0
DA:27,0
DA:28,0
DA:35,0
DA:42,0
DA:47,0
DA:48,0
DA:53,0
DA:66,0
DA:67,0
DA:69,0
DA:70,0
DA:71,0
DA:78,0
DA:83,0
DA:88,0
DA:89,0
DA:94,0
DA:107,0
DA:108,0
DA:109,0
DA:114,0
DA:115,0
DA:120,0
DA:133,0
DA:134,0
DA:136,0
DA:142,0
DA:147,0
DA:148,0
DA:153,0
DA:162,0
LF:38
LH:0
BRDA:27,0,0,0
BRDA:27,0,1,0
BRDA:47,1,0,0
BRDA:47,1,1,0
BRDA:70,2,0,0
BRDA:70,2,1,0
BRDA:88,3,0,0
BRDA:88,3,1,0
BRDA:114,4,0,0
BRDA:114,4,1,0
BRDA:147,5,0,0
BRDA:147,5,1,0
BRDA:147,6,0,0
BRDA:147,6,1,0
BRF:14
BRH:0
end_of_record
TN:
SF:src/controllers/CalculationController.js
FN:10,(anonymous_0)
FN:19,(anonymous_1)
FN:34,(anonymous_2)
FNF:3
FNH:0
FNDA:0,(anonymous_0)
FNDA:0,(anonymous_1)
FNDA:0,(anonymous_2)
DA:11,0
DA:20,0
DA:21,0
DA:22,0
DA:24,0
DA:25,0
DA:35,0
DA:36,0
DA:37,0
DA:38,0
DA:40,0
DA:41,0
DA:46,0
LF:13
LH:0
BRDA:24,0,0,0
BRDA:24,0,1,0
BRDA:36,1,0,0
BRDA:36,1,1,0
BRDA:40,2,0,0
BRDA:40,2,1,0
BRF:6
BRH:0
end_of_record
TN:
SF:src/controllers/CalculatorController.js
FN:10,(anonymous_0)
FN:20,(anonymous_1)
FN:55,(anonymous_2)
FN:98,(anonymous_3)
FNF:4
FNH:0
FNDA:0,(anonymous_0)
FNDA:0,(anonymous_1)
FNDA:0,(anonymous_2)
FNDA:0,(anonymous_3)
DA:4,0
DA:5,0
DA:6,0
DA:7,0
DA:11,0
DA:12,0
DA:13,0
DA:21,0
DA:22,0
DA:24,0
DA:25,0
DA:26,0
DA:33,0
DA:38,0
DA:43,0
DA:56,0
DA:57,0
DA:59,0
DA:60,0
DA:61,0
DA:69,0
DA:72,0
DA:81,0
DA:86,0
DA:99,0
DA:100,0
DA:102,0
DA:103,0
DA:105,0
DA:106,0
DA:112,0
DA:114,0
DA:119,0
DA:128,0
LF:34
LH:0
BRDA:25,0,0,0
BRDA:25,0,1,0
BRDA:60,1,0,0
BRDA:60,1,1,0
BRDA:102,2,0,0
BRDA:102,2,1,0
BRDA:103,3,0,0
BRDA:103,3,1,0
BRDA:105,4,0,0
BRDA:105,4,1,0
BRDA:105,5,0,0
BRDA:105,5,1,0
BRF:12
BRH:0
end_of_record
TN:
SF:src/controllers/ConfigController.js
FN:8,(anonymous_0)
FN:16,(anonymous_1)
FN:36,(anonymous_2)
FN:86,(anonymous_3)
FNF:4
FNH:0
FNDA:0,(anonymous_0)
FNDA:0,(anonymous_1)
FNDA:0,(anonymous_2)
FNDA:0,(anonymous_3)
DA:4,0
DA:5,0
DA:9,0
DA:17,0
DA:18,0
DA:19,0
DA:24,0
DA:37,0
DA:38,0
DA:46,0
DA:47,0
DA:48,0
DA:55,0
DA:63,0
DA:68,0
DA:69,0
DA:74,0
DA:87,0
DA:88,0
DA:89,0
DA:94,0
DA:103,0
LF:22
LH:0
BRDA:47,0,0,0
BRDA:47,0,1,0
BRDA:68,1,0,0
BRDA:68,1,1,0
BRF:4
BRH:0
end_of_record
TN:
SF:src/controllers/HistoryController.js
FN:7,(anonymous_0)
FN:15,(anonymous_1)
FN:49,(anonymous_2)
FN:79,(anonymous_3)
FN:116,(anonymous_4)
FNF:5
FNH:0
FNDA:0,(anonymous_0)
FNDA:0,(anonymous_1)
FNDA:0,(anonymous_2)
FNDA:0,(anonymous_3)
FNDA:0,(anonymous_4)
DA:4,0
DA:8,0
DA:16,0
DA:17,0
DA:18,0
DA:20,0
DA:25,0
DA:37,0
DA:50,0
DA:51,0
DA:56,0
DA:61,0
DA:62,0
DA:67,0
DA:80,0
DA:81,0
DA:86,0
DA:87,0
DA:93,0
DA:98,0
DA:99,0
DA:104,0
DA:117,0
DA:118,0
DA:120,0
DA:125,0
DA:134,0
LF:27
LH:0
BRDA:17,0,0,0
BRDA:17,0,1,0
BRDA:18,1,0,0
BRDA:18,1,1,0
BRDA:61,2,0,0
BRDA:61,2,1,0
BRDA:61,3,0,0
BRDA:61,3,1,0
BRDA:86,4,0,0
BRDA:86,4,1,0
BRDA:98,5,0,0
BRDA:98,5,1,0
BRDA:98,6,0,0
BRDA:98,6,1,0
BRF:14
BRH:0
end_of_record
TN:
SF:src/interfaces/ICalculationRepository.js
FN:11,(anonymous_0)
FN:21,(anonymous_1)
FNF:2
FNH:0
FNDA:0,(anonymous_0)
FNDA:0,(anonymous_1)
DA:12,0
DA:22,0
DA:26,0
LF:3
LH:0
BRDA:21,0,0,0
BRF:1
BRH:0
end_of_record
TN:
SF:src/interfaces/IConfigRepository.js
FN:11,(anonymous_0)
FN:20,(anonymous_1)
FN:30,(anonymous_2)
FNF:3
FNH:0
FNDA:0,(anonymous_0)
FNDA:0,(anonymous_1)
FNDA:0,(anonymous_2)
DA:12,0
DA:21,0
DA:31,0
DA:35,0
LF:4
LH:0
BRF:0
BRH:0
end_of_record
TN:
SF:src/interfaces/IPasswordHasher.js
FN:11,(anonymous_0)
FN:21,(anonymous_1)
FNF:2
FNH:0
FNDA:0,(anonymous_0)
FNDA:0,(anonymous_1)
DA:12,0
DA:22,0
DA:26,0
LF:3
LH:0
BRF:0
BRH:0
end_of_record
TN:
SF:src/interfaces/ISalaryCalculator.js
FN:12,(anonymous_0)
FNF:1
FNH:0
FNDA:0,(anonymous_0)
DA:13,0
DA:17,0
LF:2
LH:0
BRF:0
BRH:0
end_of_record
TN:
SF:src/interfaces/ITokenService.js
FN:11,(anonymous_0)
FN:20,(anonymous_1)
FNF:2
FNH:0
FNDA:0,(anonymous_0)
FNDA:0,(anonymous_1)
DA:12,0
DA:21,0
DA:25,0
LF:3
LH:0
BRF:0
BRH:0
end_of_record
TN:
SF:src/interfaces/IUserRepository.js
FN:11,(anonymous_0)
FN:20,(anonymous_1)
FN:29,(anonymous_2)
FNF:3
FNH:0
FNDA:0,(anonymous_0)
FNDA:0,(anonymous_1)
FNDA:0,(anonymous_2)
DA:12,0
DA:21,0
DA:30,0
DA:34,0
LF:4
LH:0
BRF:0
BRH:0
end_of_record
TN:
SF:src/middleware/AuthMiddleware.js
FN:11,(anonymous_0)
FN:21,(anonymous_1)
FNF:2
FNH:0
FNDA:0,(anonymous_0)
FNDA:0,(anonymous_1)
DA:5,0
DA:12,0
DA:22,0
DA:24,0
DA:25,0
DA:28,0
DA:29,0
DA:30,0
DA:33,0
DA:35,0
DA:36,0
DA:39,0
DA:41,0
DA:42,0
DA:45,0
DA:46,0
DA:47,0
DA:51,0
LF:18
LH:0
BRDA:24,0,0,0
BRDA:24,0,1,0
BRDA:29,1,0,0
BRDA:29,1,1,0
BRDA:35,2,0,0
BRDA:35,2,1,0
BRDA:41,3,0,0
BRDA:41,3,1,0
BRF:8
BRH:0
end_of_record
TN:
SF:src/middleware/auth.js
FN:11,(anonymous_0)
FN:50,(anonymous_1)
FNF:2
FNH:0
FNDA:0,(anonymous_0)
FNDA:0,(anonymous_1)
DA:4,0
DA:6,0
DA:11,0
DA:12,0
DA:14,0
DA:15,0
DA:21,0
DA:22,0
DA:23,0
DA:29,0
DA:30,0
DA:32,0
DA:33,0
DA:39,0
DA:44,0
DA:50,0
DA:51,0
DA:53,0
DA:54,0
DA:57,0
DA:58,0
DA:59,0
DA:60,0
DA:61,0
DA:62,0
DA:69,0
DA:72,0
LF:27
LH:0
BRDA:14,0,0,0
BRDA:14,0,1,0
BRDA:22,1,0,0
BRDA:22,1,1,0
BRDA:22,2,0,0
BRDA:22,2,1,0
BRDA:32,3,0,0
BRDA:32,3,1,0
BRDA:53,4,0,0
BRDA:53,4,1,0
BRDA:58,5,0,0
BRDA:58,5,1,0
BRDA:58,6,0,0
BRDA:58,6,1,0
BRDA:61,7,0,0
BRDA:61,7,1,0
BRF:16
BRH:0
end_of_record
TN:
SF:src/models/Calculation.js
FN:7,(anonymous_0)
FN:34,(anonymous_1)
FN:52,(anonymous_2)
FNF:3
FNH:0
FNDA:0,(anonymous_0)
FNDA:0,(anonymous_1)
FNDA:0,(anonymous_2)
DA:18,0
DA:19,0
DA:20,0
DA:21,0
DA:22,0
DA:23,0
DA:24,0
DA:25,0
DA:26,0
DA:35,0
DA:53,0
DA:66,0
LF:12
LH:0
BRDA:8,0,0,0
BRDA:16,1,0,0
BRDA:26,2,0,0
BRDA:26,2,1,0
BRF:4
BRH:0
end_of_record
TN:
SF:src/models/SalaryResult.js
FN:7,(anonymous_0)
FN:27,(anonymous_1)
FNF:2
FNH:1
FNDA:9,(anonymous_0)
FNDA:0,(anonymous_1)
DA:15,9
DA:16,9
DA:17,9
DA:18,9
DA:19,9
DA:20,9
DA:28,0
DA:39,1
LF:8
LH:7
BRF:0
BRH:0
end_of_record
TN:
SF:src/models/User.js
FN:7,(anonymous_0)
FN:20,(anonymous_1)
FN:34,(anonymous_2)
FNF:3
FNH:3
FNDA:4,(anonymous_0)
FNDA:2,(anonymous_1)
FNDA:1,(anonymous_2)
DA:8,4
DA:9,4
DA:10,4
DA:11,4
DA:12,4
DA:21,2
DA:35,1
DA:44,1
LF:8
LH:8
BRDA:11,0,0,4
BRDA:11,0,1,1
BRDA:12,1,0,4
BRDA:12,1,1,1
BRF:4
BRH:4
end_of_record
TN:
SF:src/models/UserConfig.js
FN:7,(anonymous_0)
FN:32,(anonymous_1)
FN:49,(anonymous_2)
FNF:3
FNH:3
FNDA:15,(anonymous_0)
FNDA:2,(anonymous_1)
FNDA:1,(anonymous_2)
DA:17,15
DA:18,15
DA:19,15
DA:20,15
DA:21,15
DA:22,15
DA:23,15
DA:24,15
DA:33,2
DA:50,1
DA:60,2
LF:11
LH:11
BRDA:9,0,0,1
BRDA:10,1,0,1
BRDA:11,2,0,1
BRDA:12,3,0,1
BRDA:13,4,0,1
BRDA:14,5,0,13
BRDA:15,6,0,13
BRDA:23,7,0,15
BRDA:23,7,1,13
BRDA:24,8,0,15
BRDA:24,8,1,13
BRF:11
BRH:11
end_of_record
TN:
SF:src/repositories/CalculationRepository.js
FN:10,(anonymous_0)
FN:19,(anonymous_1)
FN:54,(anonymous_2)
FN:60,(anonymous_3)
FNF:4
FNH:0
FNDA:0,(anonymous_0)
FNDA:0,(anonymous_1)
FNDA:0,(anonymous_2)
FNDA:0,(anonymous_3)
DA:6,0
DA:7,0
DA:11,0
DA:20,0
DA:35,0
DA:55,0
DA:60,0
DA:64,0
LF:8
LH:0
BRDA:10,0,0,0
BRDA:54,1,0,0
BRF:2
BRH:0
end_of_record
TN:
SF:src/repositories/ConfigRepository.js
FN:10,(anonymous_0)
FN:19,(anonymous_1)
FN:32,(anonymous_2)
FN:51,(anonymous_3)
FN:97,(anonymous_4)
FNF:5
FNH:0
FNDA:0,(anonymous_0)
FNDA:0,(anonymous_1)
FNDA:0,(anonymous_2)
FNDA:0,(anonymous_3)
FNDA:0,(anonymous_4)
DA:6,0
DA:7,0
DA:11,0
DA:20,0
DA:24,0
DA:33,0
DA:34,0
DA:36,0
DA:42,0
DA:52,0
DA:54,0
DA:55,0
DA:57,0
DA:58,0
DA:59,0
DA:61,0
DA:62,0
DA:63,0
DA:65,0
DA:66,0
DA:67,0
DA:69,0
DA:70,0
DA:71,0
DA:73,0
DA:74,0
DA:75,0
DA:78,0
DA:79,0
DA:82,0
DA:84,0
DA:89,0
DA:98,0
DA:102,0
DA:106,0
LF:35
LH:0
BRDA:24,0,0,0
BRDA:24,0,1,0
BRDA:39,1,0,0
BRDA:39,1,1,0
BRDA:39,2,0,0
BRDA:39,2,1,0
BRDA:39,3,0,0
BRDA:39,3,1,0
BRDA:39,4,0,0
BRDA:39,4,1,0
BRDA:39,5,0,0
BRDA:39,5,1,0
BRDA:57,6,0,0
BRDA:57,6,1,0
BRDA:61,7,0,0
BRDA:61,7,1,0
BRDA:65,8,0,0
BRDA:65,8,1,0
BRDA:69,9,0,0
BRDA:69,9,1,0
BRDA:73,10,0,0
BRDA:73,10,1,0
BRDA:78,11,0,0
BRDA:78,11,1,0
BRF:24
BRH:0
end_of_record
TN:
SF:src/repositories/UserRepository.js
FN:10,(anonymous_0)
FN:19,(anonymous_1)
FN:32,(anonymous_2)
FN:45,(anonymous_3)
FN:64,(anonymous_4)
FN:102,(anonymous_5)
FNF:6
FNH:0
FNDA:0,(anonymous_0)
FNDA:0,(anonymous_1)
FNDA:0,(anonymous_2)
FNDA:0,(anonymous_3)
FNDA:0,(anonymous_4)
FNDA:0,(anonymous_5)
DA:6,0
DA:7,0
DA:11,0
DA:20,0
DA:24,0
DA:33,0
DA:37,0
DA:46,0
DA:47,0
DA:49,0
DA:55,0
DA:65,0
DA:67,0
DA:68,0
DA:70,0
DA:71,0
DA:72,0
DA:74,0
DA:75,0
DA:76,0
DA:78,0
DA:79,0
DA:80,0
DA:83,0
DA:84,0
DA:87,0
DA:89,0
DA:94,0
DA:103,0
DA:107,0
DA:111,0
LF:31
LH:0
BRDA:24,0,0,0
BRDA:24,0,1,0
BRDA:37,1,0,0
BRDA:37,1,1,0
BRDA:52,2,0,0
BRDA:52,2,1,0
BRDA:52,3,0,0
BRDA:52,3,1,0
BRDA:70,4,0,0
BRDA:70,4,1,0
BRDA:74,5,0,0
BRDA:74,5,1,0
BRDA:78,6,0,0
BRDA:78,6,1,0
BRDA:83,7,0,0
BRDA:83,7,1,0
BRF:16
BRH:0
end_of_record
TN:
SF:src/services/AuthService.js
FN:10,(anonymous_0)
FN:22,(anonymous_1)
FN:74,(anonymous_2)
FN:111,(anonymous_3)
FN:135,(anonymous_4)
FN:156,(anonymous_5)
FNF:6
FNH:0
FNDA:0,(anonymous_0)
FNDA:0,(anonymous_1)
FNDA:0,(anonymous_2)
FNDA:0,(anonymous_3)
FNDA:0,(anonymous_4)
FNDA:0,(anonymous_5)
DA:4,0
DA:5,0
DA:6,0
DA:7,0
DA:11,0
DA:12,0
DA:13,0
DA:14,0
DA:23,0
DA:26,0
DA:27,0
DA:28,0
DA:32,0
DA:35,0
DA:43,0
DA:53,0
DA:58,0
DA:75,0
DA:78,0
DA:79,0
DA:80,0
DA:84,0
DA:85,0
DA:86,0
DA:90,0
DA:95,0
DA:112,0
DA:113,0
DA:114,0
DA:117,0
DA:118,0
DA:119,0
DA:122,0
DA:136,0
DA:137,0
DA:138,0
DA:141,0
DA:157,0
DA:160,0
DA:161,0
DA:162,0
DA:163,0
DA:167,0
DA:173,0
DA:182,0
LF:45
LH:0
BRDA:27,0,0,0
BRDA:27,0,1,0
BRDA:79,1,0,0
BRDA:79,1,1,0
BRDA:85,2,0,0
BRDA:85,2,1,0
BRDA:113,3,0,0
BRDA:113,3,1,0
BRDA:118,4,0,0
BRDA:118,4,1,0
BRDA:137,5,0,0
BRDA:137,5,1,0
BRDA:160,6,0,0
BRDA:160,6,1,0
BRDA:162,7,0,0
BRDA:162,7,1,0
BRDA:162,8,0,0
BRDA:162,8,1,0
BRF:18
BRH:0
end_of_record
TN:
SF:src/services/CalculationService.js
FN:15,(anonymous_0)
FN:27,(anonymous_1)
FN:71,(anonymous_2)
FN:73,(anonymous_3)
FNF:4
FNH:0
FNDA:0,(anonymous_0)
FNDA:0,(anonymous_1)
FNDA:0,(anonymous_2)
FNDA:0,(anonymous_3)
DA:6,0
DA:7,0
DA:16,0
DA:17,0
DA:18,0
DA:29,0
DA:30,0
DA:32,0
DA:33,0
DA:34,0
DA:35,0
DA:39,0
DA:42,0
DA:43,0
DA:47,0
DA:50,0
DA:61,0
DA:63,0
DA:72,0
DA:73,0
DA:77,0
LF:21
LH:0
BRDA:32,0,0,0
BRDA:32,0,1,0
BRDA:42,1,0,0
BRDA:42,1,1,0
BRDA:71,2,0,0
BRF:5
BRH:0
end_of_record
TN:
SF:src/services/CalculatorService.js
FN:13,(anonymous_0)
FN:54,(anonymous_1)
FNF:2
FNH:0
FNDA:0,(anonymous_0)
FNDA:0,(anonymous_1)
DA:4,0
DA:15,0
DA:23,0
DA:26,0
DA:30,0
DA:33,0
DA:36,0
DA:38,0
DA:55,0
DA:56,0
DA:60,0
LF:11
LH:0
BRDA:13,0,0,0
BRDA:15,1,0,0
BRDA:15,1,1,0
BRDA:23,2,0,0
BRDA:33,3,0,0
BRDA:33,3,1,0
BRDA:54,4,0,0
BRF:7
BRH:0
end_of_record
TN:
SF:src/services/ConfigService.js
FN:8,(anonymous_0)
FN:17,(anonymous_1)
FN:59,(anonymous_2)
FN:130,(anonymous_3)
FNF:4
FNH:0
FNDA:0,(anonymous_0)
FNDA:0,(anonymous_1)
FNDA:0,(anonymous_2)
FNDA:0,(anonymous_3)
DA:4,0
DA:5,0
DA:9,0
DA:18,0
DA:19,0
DA:21,0
DA:29,0
DA:41,0
DA:60,0
DA:63,0
DA:64,0
DA:66,0
DA:67,0
DA:69,0
DA:70,0
DA:72,0
DA:73,0
DA:75,0
DA:76,0
DA:80,0
DA:82,0
DA:84,0
DA:92,0
DA:105,0
DA:113,0
DA:131,0
DA:141,0
LF:27
LH:0
BRDA:19,0,0,0
BRDA:19,0,1,0
BRDA:63,1,0,0
BRDA:63,1,1,0
BRDA:63,2,0,0
BRDA:63,2,1,0
BRDA:63,2,2,0
BRDA:66,3,0,0
BRDA:66,3,1,0
BRDA:66,4,0,0
BRDA:66,4,1,0
BRDA:66,4,2,0
BRDA:69,5,0,0
BRDA:69,5,1,0
BRDA:69,6,0,0
BRDA:69,6,1,0
BRDA:72,7,0,0
BRDA:72,7,1,0
BRDA:72,8,0,0
BRDA:72,8,1,0
BRDA:75,9,0,0
BRDA:75,9,1,0
BRDA:75,10,0,0
BRDA:75,10,1,0
BRDA:82,11,0,0
BRDA:82,11,1,0
BRDA:86,12,0,0
BRDA:86,12,1,0
BRDA:87,13,0,0
BRDA:87,13,1,0
BRDA:88,14,0,0
BRDA:88,14,1,0
BRDA:89,15,0,0
BRDA:89,15,1,0
BRDA:90,16,0,0
BRDA:90,16,1,0
BRF:36
BRH:0
end_of_record
TN:
SF:src/services/HistoryService.js
FN:8,(anonymous_0)
FN:19,(anonymous_1)
FN:36,(anonymous_2)
FN:60,(anonymous_3)
FN:77,(anonymous_4)
FN:93,(anonymous_5)
FNF:6
FNH:0
FNDA:0,(anonymous_0)
FNDA:0,(anonymous_1)
FNDA:0,(anonymous_2)
FNDA:0,(anonymous_3)
FNDA:0,(anonymous_4)
FNDA:0,(anonymous_5)
DA:4,0
DA:5,0
DA:9,0
DA:10,0
DA:20,0
DA:21,0
DA:26,0
DA:38,0
DA:41,0
DA:51,0
DA:61,0
DA:62,0
DA:63,0
DA:65,0
DA:66,0
DA:68,0
DA:78,0
DA:79,0
DA:80,0
DA:82,0
DA:83,0
DA:85,0
DA:94,0
DA:98,0
LF:24
LH:0
BRDA:19,0,0,0
BRDA:20,1,0,0
BRDA:20,2,0,0
BRDA:36,3,0,0
BRDA:62,4,0,0
BRDA:62,4,1,0
BRDA:65,5,0,0
BRDA:65,5,1,0
BRDA:79,6,0,0
BRDA:79,6,1,0
BRDA:82,7,0,0
BRDA:82,7,1,0
BRF:12
BRH:0
end_of_record
TN:
SF:src/services/PasswordHasher.js
FN:14,(anonymous_0)
FN:33,(anonymous_1)
FNF:2
FNH:0
FNDA:0,(anonymous_0)
FNDA:0,(anonymous_1)
DA:6,0
DA:15,0
DA:16,0
DA:23,0
DA:34,0
DA:35,0
DA:37,0
DA:42,0
LF:8
LH:0
BRF:0
BRH:0
end_of_record
TN:
SF:src/services/SalaryCalculator.js
FN:16,(anonymous_0)
FNF:1
FNH:0
FNDA:0,(anonymous_0)
DA:6,0
DA:7,0
DA:17,0
DA:20,0
DA:23,0
DA:28,0
DA:33,0
DA:35,0
DA:46,0
LF:9
LH:0
BRDA:17,0,0,0
BRDA:17,0,1,0
BRF:2
BRH:0
end_of_record
TN:
SF:src/services/TokenService.js
FN:9,(anonymous_0)
FN:19,(anonymous_1)
FN:30,(anonymous_2)
FN:43,(anonymous_3)
FNF:4
FNH:0
FNDA:0,(anonymous_0)
FNDA:0,(anonymous_1)
FNDA:0,(anonymous_2)
FNDA:0,(anonymous_3)
DA:6,0
DA:10,0
DA:11,0
DA:20,0
DA:31,0
DA:32,0
DA:34,0
DA:44,0
DA:48,0
LF:9
LH:0
BRDA:10,0,0,0
BRDA:10,0,1,0
BRDA:11,1,0,0
BRDA:11,1,1,0
BRF:4
BRH:0
end_of_record
TN:
SF:src/utils/DIContainer.js
FN:7,(anonymous_0)
FN:17,(anonymous_1)
FN:27,(anonymous_2)
FN:40,(anonymous_3)
FNF:4
FNH:0
FNDA:0,(anonymous_0)
FNDA:0,(anonymous_1)
FNDA:0,(anonymous_2)
FNDA:0,(anonymous_3)
DA:8,0
DA:18,0
DA:19,0
DA:28,0
DA:29,0
DA:30,0
DA:32,0
DA:41,0
DA:45,0
LF:9
LH:0
BRDA:29,0,0,0
BRDA:29,0,1,0
BRF:2
BRH:0
end_of_record
TN:
SF:src/utils/ServiceFactory.js
FN:34,createContainer
FNF:1
FNH:0
FNDA:0,createContainer
DA:6,0
DA:7,0
DA:10,0
DA:11,0
DA:12,0
DA:15,0
DA:16,0
DA:17,0
DA:18,0
DA:19,0
DA:20,0
DA:23,0
DA:24,0
DA:25,0
DA:28,0
DA:35,0
DA:38,0
DA:41,0
DA:42,0
DA:43,0
DA:46,0
DA:47,0
DA:48,0
DA:51,0
DA:57,0
DA:61,0
DA:68,0
DA:72,0
DA:76,0
DA:81,0
DA:85,0
DA:88,0
LF:32
LH:0
BRF:0
BRH:0
end_of_record
